mode: set
github.com/arthur-debert/dodot/pkg/types/paths.go:10.31,11.59 1 1
github.com/arthur-debert/dodot/pkg/types/paths.go:11.59,13.3 1 1
github.com/arthur-debert/dodot/pkg/types/paths.go:15.2,15.66 1 1
github.com/arthur-debert/dodot/pkg/types/paths.go:15.66,17.3 1 1
github.com/arthur-debert/dodot/pkg/types/paths.go:19.2,20.59 2 1
github.com/arthur-debert/dodot/pkg/types/paths.go:24.30,26.2 1 1
github.com/arthur-debert/dodot/pkg/types/paths.go:29.34,31.2 1 1
github.com/arthur-debert/dodot/pkg/types/paths.go:34.26,36.2 1 1
github.com/arthur-debert/dodot/pkg/types/paths.go:39.33,41.2 1 1
github.com/arthur-debert/dodot/pkg/types/paths.go:44.29,46.2 1 1
github.com/arthur-debert/dodot/pkg/types/paths.go:49.27,51.2 1 1
github.com/arthur-debert/dodot/pkg/types/paths.go:54.33,56.2 1 1
github.com/arthur-debert/dodot/pkg/types/shell.go:18.76,19.15 1 1
github.com/arthur-debert/dodot/pkg/types/shell.go:20.14,21.26 1 1
github.com/arthur-debert/dodot/pkg/types/shell.go:21.26,25.4 1 1
github.com/arthur-debert/dodot/pkg/types/shell.go:26.3,26.32 1 1
github.com/arthur-debert/dodot/pkg/types/shell.go:27.10,28.26 1 1
github.com/arthur-debert/dodot/pkg/types/shell.go:28.26,30.4 1 1
github.com/arthur-debert/dodot/pkg/types/shell.go:31.3,31.33 1 1
