mode: set
github.com/arthur-debert/dodot/pkg/config/pack.go:15.66,19.16 3 1
github.com/arthur-debert/dodot/pkg/config/pack.go:19.16,21.3 1 1
github.com/arthur-debert/dodot/pkg/config/pack.go:23.2,24.54 2 1
github.com/arthur-debert/dodot/pkg/config/pack.go:24.54,26.3 1 1
github.com/arthur-debert/dodot/pkg/config/pack.go:29.2,29.25 1 1
github.com/arthur-debert/dodot/pkg/config/pack.go:29.25,31.3 1 1
github.com/arthur-debert/dodot/pkg/config/pack.go:33.2,40.20 2 1
github.com/arthur-debert/dodot/pkg/config/pack.go:44.35,46.16 2 0
github.com/arthur-debert/dodot/pkg/config/pack.go:46.16,48.3 1 0
github.com/arthur-debert/dodot/pkg/config/pack.go:49.2,49.22 1 0
github.com/arthur-debert/dodot/cmd/dodot/main.go:14.13,15.34 1 0
github.com/arthur-debert/dodot/cmd/dodot/main.go:15.34,17.3 1 0
github.com/arthur-debert/dodot/cmd/dodot/root.go:26.61,30.4 2 1
github.com/arthur-debert/dodot/cmd/dodot/root.go:41.22,43.2 1 0
github.com/arthur-debert/dodot/cmd/dodot/root.go:45.13,74.2 7 1
github.com/arthur-debert/dodot/cmd/dodot/root.go:80.47,84.3 3 0
github.com/arthur-debert/dodot/cmd/dodot/root.go:122.47,123.18 1 0
github.com/arthur-debert/dodot/cmd/dodot/root.go:124.15,125.74 1 0
github.com/arthur-debert/dodot/cmd/dodot/root.go:125.74,127.5 1 0
github.com/arthur-debert/dodot/cmd/dodot/root.go:128.14,129.73 1 0
github.com/arthur-debert/dodot/cmd/dodot/root.go:129.73,131.5 1 0
github.com/arthur-debert/dodot/cmd/dodot/root.go:132.15,133.80 1 0
github.com/arthur-debert/dodot/cmd/dodot/root.go:133.80,135.5 1 0
github.com/arthur-debert/dodot/cmd/dodot/root.go:136.21,137.88 1 0
github.com/arthur-debert/dodot/cmd/dodot/root.go:137.88,139.5 1 0
github.com/arthur-debert/dodot/cmd/dodot/root.go:148.54,154.3 2 0
github.com/arthur-debert/dodot/cmd/dodot/root.go:164.54,173.17 4 1
github.com/arthur-debert/dodot/cmd/dodot/root.go:173.17,175.4 1 1
github.com/arthur-debert/dodot/cmd/dodot/root.go:178.3,179.17 2 1
github.com/arthur-debert/dodot/cmd/dodot/root.go:179.17,181.4 1 0
github.com/arthur-debert/dodot/cmd/dodot/root.go:183.3,184.17 2 1
github.com/arthur-debert/dodot/cmd/dodot/root.go:184.17,186.4 1 0
github.com/arthur-debert/dodot/cmd/dodot/root.go:196.3,196.30 1 1
github.com/arthur-debert/dodot/cmd/dodot/root.go:196.30,201.4 1 1
github.com/arthur-debert/dodot/cmd/dodot/root.go:203.3,204.13 2 1
github.com/arthur-debert/dodot/cmd/dodot/root.go:208.40,210.16 2 1
github.com/arthur-debert/dodot/cmd/dodot/root.go:210.16,212.3 1 1
github.com/arthur-debert/dodot/cmd/dodot/root.go:213.2,213.18 1 1
github.com/arthur-debert/dodot/pkg/logging/logging.go:16.33,18.19 1 1
github.com/arthur-debert/dodot/pkg/logging/logging.go:19.9,20.44 1 1
github.com/arthur-debert/dodot/pkg/logging/logging.go:21.9,22.44 1 1
github.com/arthur-debert/dodot/pkg/logging/logging.go:23.9,24.45 1 1
github.com/arthur-debert/dodot/pkg/logging/logging.go:25.10,26.45 1 1
github.com/arthur-debert/dodot/pkg/logging/logging.go:30.2,43.16 6 1
github.com/arthur-debert/dodot/pkg/logging/logging.go:43.16,45.3 1 1
github.com/arthur-debert/dodot/pkg/logging/logging.go:48.2,52.16 3 1
github.com/arthur-debert/dodot/pkg/logging/logging.go:52.16,54.3 1 0
github.com/arthur-debert/dodot/pkg/logging/logging.go:57.2,57.20 1 1
github.com/arthur-debert/dodot/pkg/logging/logging.go:57.20,59.3 1 1
github.com/arthur-debert/dodot/pkg/logging/logging.go:62.2,62.91 1 1
github.com/arthur-debert/dodot/pkg/logging/logging.go:66.44,68.2 1 1
github.com/arthur-debert/dodot/pkg/logging/logging.go:71.63,73.27 2 1
github.com/arthur-debert/dodot/pkg/logging/logging.go:73.27,75.3 1 1
github.com/arthur-debert/dodot/pkg/logging/logging.go:76.2,76.15 1 1
github.com/arthur-debert/dodot/pkg/logging/logging.go:81.30,83.21 2 1
github.com/arthur-debert/dodot/pkg/logging/logging.go:83.21,85.17 2 1
github.com/arthur-debert/dodot/pkg/logging/logging.go:85.17,88.4 1 0
github.com/arthur-debert/dodot/pkg/logging/logging.go:89.3,89.53 1 1
github.com/arthur-debert/dodot/pkg/logging/logging.go:91.2,91.55 1 1
github.com/arthur-debert/dodot/pkg/logging/logging.go:95.53,98.50 2 1
github.com/arthur-debert/dodot/pkg/logging/logging.go:98.50,100.3 1 0
github.com/arthur-debert/dodot/pkg/logging/logging.go:103.2,104.16 2 1
github.com/arthur-debert/dodot/pkg/logging/logging.go:104.16,106.3 1 0
github.com/arthur-debert/dodot/pkg/logging/logging.go:108.2,108.18 1 1
github.com/arthur-debert/dodot/pkg/logging/logging.go:112.34,113.16 1 0
github.com/arthur-debert/dodot/pkg/logging/logging.go:113.16,115.3 1 0
github.com/arthur-debert/dodot/pkg/logging/logging.go:119.44,124.2 1 0
github.com/arthur-debert/dodot/pkg/logging/logging.go:127.53,132.2 1 0
github.com/arthur-debert/dodot/pkg/core/actions.go:15.71,19.23 3 1
github.com/arthur-debert/dodot/pkg/core/actions.go:19.23,21.3 1 0
github.com/arthur-debert/dodot/pkg/core/actions.go:25.2,31.45 4 1
github.com/arthur-debert/dodot/pkg/core/actions.go:31.45,38.17 3 1
github.com/arthur-debert/dodot/pkg/core/actions.go:38.17,44.4 2 0
github.com/arthur-debert/dodot/pkg/core/actions.go:46.3,46.46 1 1
github.com/arthur-debert/dodot/pkg/core/actions.go:49.2,50.24 2 1
github.com/arthur-debert/dodot/pkg/core/actions.go:54.78,55.23 1 1
github.com/arthur-debert/dodot/pkg/core/actions.go:55.23,57.3 1 0
github.com/arthur-debert/dodot/pkg/core/actions.go:60.2,71.16 5 1
github.com/arthur-debert/dodot/pkg/core/actions.go:71.16,75.3 2 0
github.com/arthur-debert/dodot/pkg/core/actions.go:78.2,79.20 2 1
github.com/arthur-debert/dodot/pkg/core/actions.go:79.20,81.3 1 0
github.com/arthur-debert/dodot/pkg/core/actions.go:84.2,85.16 2 1
github.com/arthur-debert/dodot/pkg/core/actions.go:85.16,88.3 1 0
github.com/arthur-debert/dodot/pkg/core/actions.go:91.2,91.57 1 1
github.com/arthur-debert/dodot/pkg/core/actions.go:91.57,94.3 1 0
github.com/arthur-debert/dodot/pkg/core/actions.go:97.2,98.16 2 1
github.com/arthur-debert/dodot/pkg/core/actions.go:98.16,101.3 1 0
github.com/arthur-debert/dodot/pkg/core/actions.go:103.2,107.21 2 1
github.com/arthur-debert/dodot/pkg/core/actions.go:112.81,115.32 2 1
github.com/arthur-debert/dodot/pkg/core/actions.go:115.32,119.3 2 1
github.com/arthur-debert/dodot/pkg/core/actions.go:122.2,122.31 1 1
github.com/arthur-debert/dodot/pkg/core/actions.go:122.31,123.41 1 1
github.com/arthur-debert/dodot/pkg/core/actions.go:123.41,125.46 1 0
github.com/arthur-debert/dodot/pkg/core/actions.go:125.46,127.5 1 0
github.com/arthur-debert/dodot/pkg/core/actions.go:129.4,129.40 1 0
github.com/arthur-debert/dodot/pkg/core/actions.go:133.2,133.15 1 1
github.com/arthur-debert/dodot/pkg/core/actions.go:137.54,146.2 2 1
github.com/arthur-debert/dodot/pkg/core/actions.go:150.57,151.23 1 1
github.com/arthur-debert/dodot/pkg/core/actions.go:151.23,153.3 1 1
github.com/arthur-debert/dodot/pkg/core/actions.go:156.2,157.25 2 1
github.com/arthur-debert/dodot/pkg/core/actions.go:157.25,159.3 1 1
github.com/arthur-debert/dodot/pkg/core/actions.go:160.2,164.25 3 1
github.com/arthur-debert/dodot/pkg/core/actions.go:164.25,166.3 1 1
github.com/arthur-debert/dodot/pkg/core/actions.go:168.2,168.33 1 1
github.com/arthur-debert/dodot/pkg/core/actions.go:173.69,176.2 1 0
github.com/arthur-debert/dodot/pkg/core/commands.go:68.71,73.16 4 1
github.com/arthur-debert/dodot/pkg/core/commands.go:73.16,75.3 1 1
github.com/arthur-debert/dodot/pkg/core/commands.go:77.2,78.16 2 1
github.com/arthur-debert/dodot/pkg/core/commands.go:78.16,80.3 1 0
github.com/arthur-debert/dodot/pkg/core/commands.go:82.2,86.26 2 1
github.com/arthur-debert/dodot/pkg/core/commands.go:86.26,91.3 1 1
github.com/arthur-debert/dodot/pkg/core/commands.go:93.2,94.20 2 1
github.com/arthur-debert/dodot/pkg/core/commands.go:99.75,111.16 5 1
github.com/arthur-debert/dodot/pkg/core/commands.go:111.16,113.3 1 0
github.com/arthur-debert/dodot/pkg/core/commands.go:115.2,116.20 2 1
github.com/arthur-debert/dodot/pkg/core/commands.go:121.77,134.16 5 1
github.com/arthur-debert/dodot/pkg/core/commands.go:134.16,136.3 1 0
github.com/arthur-debert/dodot/pkg/core/commands.go:139.2,146.16 3 1
github.com/arthur-debert/dodot/pkg/core/commands.go:146.16,148.3 1 0
github.com/arthur-debert/dodot/pkg/core/commands.go:151.2,158.26 3 1
github.com/arthur-debert/dodot/pkg/core/commands.go:171.82,174.16 2 1
github.com/arthur-debert/dodot/pkg/core/commands.go:174.16,176.3 1 0
github.com/arthur-debert/dodot/pkg/core/commands.go:177.2,178.16 2 1
github.com/arthur-debert/dodot/pkg/core/commands.go:178.16,180.3 1 0
github.com/arthur-debert/dodot/pkg/core/commands.go:183.2,184.16 2 1
github.com/arthur-debert/dodot/pkg/core/commands.go:184.16,186.3 1 0
github.com/arthur-debert/dodot/pkg/core/commands.go:189.2,190.16 2 1
github.com/arthur-debert/dodot/pkg/core/commands.go:190.16,192.3 1 0
github.com/arthur-debert/dodot/pkg/core/commands.go:195.2,196.16 2 1
github.com/arthur-debert/dodot/pkg/core/commands.go:196.16,198.3 1 0
github.com/arthur-debert/dodot/pkg/core/commands.go:201.2,202.16 2 1
github.com/arthur-debert/dodot/pkg/core/commands.go:202.16,204.3 1 0
github.com/arthur-debert/dodot/pkg/core/commands.go:207.2,208.16 2 1
github.com/arthur-debert/dodot/pkg/core/commands.go:208.16,210.3 1 0
github.com/arthur-debert/dodot/pkg/core/commands.go:213.2,219.20 2 1
github.com/arthur-debert/dodot/pkg/core/commands.go:224.97,226.33 2 1
github.com/arthur-debert/dodot/pkg/core/commands.go:226.33,230.17 2 1
github.com/arthur-debert/dodot/pkg/core/commands.go:230.17,233.4 1 0
github.com/arthur-debert/dodot/pkg/core/commands.go:234.3,235.17 2 1
github.com/arthur-debert/dodot/pkg/core/commands.go:235.17,237.4 1 0
github.com/arthur-debert/dodot/pkg/core/commands.go:239.3,239.32 1 1
github.com/arthur-debert/dodot/pkg/core/commands.go:239.32,241.4 1 1
github.com/arthur-debert/dodot/pkg/core/commands.go:243.2,243.22 1 1
github.com/arthur-debert/dodot/pkg/core/commands.go:247.76,253.16 4 1
github.com/arthur-debert/dodot/pkg/core/commands.go:253.16,255.3 1 0
github.com/arthur-debert/dodot/pkg/core/commands.go:256.2,257.16 2 1
github.com/arthur-debert/dodot/pkg/core/commands.go:257.16,259.3 1 0
github.com/arthur-debert/dodot/pkg/core/commands.go:262.2,263.16 2 1
github.com/arthur-debert/dodot/pkg/core/commands.go:263.16,265.3 1 1
github.com/arthur-debert/dodot/pkg/core/commands.go:268.2,272.37 2 1
github.com/arthur-debert/dodot/pkg/core/commands.go:272.37,280.41 3 1
github.com/arthur-debert/dodot/pkg/core/commands.go:280.41,283.30 3 1
github.com/arthur-debert/dodot/pkg/core/commands.go:283.30,286.30 3 1
github.com/arthur-debert/dodot/pkg/core/commands.go:286.30,289.6 2 0
github.com/arthur-debert/dodot/pkg/core/commands.go:291.4,295.6 1 1
github.com/arthur-debert/dodot/pkg/core/commands.go:298.3,299.42 2 1
github.com/arthur-debert/dodot/pkg/core/commands.go:299.42,302.31 3 1
github.com/arthur-debert/dodot/pkg/core/commands.go:302.31,305.31 3 0
github.com/arthur-debert/dodot/pkg/core/commands.go:305.31,308.6 2 0
github.com/arthur-debert/dodot/pkg/core/commands.go:310.4,314.6 1 1
github.com/arthur-debert/dodot/pkg/core/commands.go:320.3,326.50 2 1
github.com/arthur-debert/dodot/pkg/core/commands.go:329.2,330.20 2 1
github.com/arthur-debert/dodot/pkg/core/commands.go:334.64,340.16 4 1
github.com/arthur-debert/dodot/pkg/core/commands.go:340.16,342.3 1 0
github.com/arthur-debert/dodot/pkg/core/commands.go:343.2,344.16 2 1
github.com/arthur-debert/dodot/pkg/core/commands.go:344.16,346.3 1 0
github.com/arthur-debert/dodot/pkg/core/commands.go:349.2,350.29 2 1
github.com/arthur-debert/dodot/pkg/core/commands.go:350.29,351.30 1 1
github.com/arthur-debert/dodot/pkg/core/commands.go:351.30,353.9 2 1
github.com/arthur-debert/dodot/pkg/core/commands.go:356.2,356.23 1 1
github.com/arthur-debert/dodot/pkg/core/commands.go:356.23,358.3 1 1
github.com/arthur-debert/dodot/pkg/core/commands.go:361.2,418.33 3 1
github.com/arthur-debert/dodot/pkg/core/commands.go:418.33,422.46 2 1
github.com/arthur-debert/dodot/pkg/core/commands.go:422.46,424.12 2 1
github.com/arthur-debert/dodot/pkg/core/commands.go:428.3,429.17 2 1
github.com/arthur-debert/dodot/pkg/core/commands.go:429.17,431.4 1 0
github.com/arthur-debert/dodot/pkg/core/commands.go:434.3,434.46 1 1
github.com/arthur-debert/dodot/pkg/core/commands.go:434.46,436.18 2 1
github.com/arthur-debert/dodot/pkg/core/commands.go:436.18,438.5 1 0
github.com/arthur-debert/dodot/pkg/core/commands.go:441.3,442.69 2 1
github.com/arthur-debert/dodot/pkg/core/commands.go:445.2,449.20 2 1
github.com/arthur-debert/dodot/pkg/core/commands.go:453.64,458.25 3 1
github.com/arthur-debert/dodot/pkg/core/commands.go:458.25,460.3 1 1
github.com/arthur-debert/dodot/pkg/core/commands.go:463.2,463.55 1 1
github.com/arthur-debert/dodot/pkg/core/commands.go:463.55,465.3 1 1
github.com/arthur-debert/dodot/pkg/core/commands.go:468.2,471.45 2 1
github.com/arthur-debert/dodot/pkg/core/commands.go:471.45,473.3 1 1
github.com/arthur-debert/dodot/pkg/core/commands.go:476.2,477.16 2 1
github.com/arthur-debert/dodot/pkg/core/commands.go:477.16,479.3 1 0
github.com/arthur-debert/dodot/pkg/core/commands.go:481.2,507.16 5 1
github.com/arthur-debert/dodot/pkg/core/commands.go:507.16,509.3 1 0
github.com/arthur-debert/dodot/pkg/core/commands.go:510.2,537.16 5 1
github.com/arthur-debert/dodot/pkg/core/commands.go:537.16,539.3 1 0
github.com/arthur-debert/dodot/pkg/core/commands.go:540.2,549.16 4 1
github.com/arthur-debert/dodot/pkg/core/commands.go:549.16,551.3 1 0
github.com/arthur-debert/dodot/pkg/core/commands.go:554.2,561.20 3 1
github.com/arthur-debert/dodot/pkg/core/operations.go:16.66,20.23 3 1
github.com/arthur-debert/dodot/pkg/core/operations.go:20.23,22.3 1 1
github.com/arthur-debert/dodot/pkg/core/operations.go:25.2,27.48 3 1
github.com/arthur-debert/dodot/pkg/core/operations.go:27.48,29.61 1 1
github.com/arthur-debert/dodot/pkg/core/operations.go:29.61,31.4 1 1
github.com/arthur-debert/dodot/pkg/core/operations.go:33.3,33.53 1 1
github.com/arthur-debert/dodot/pkg/core/operations.go:33.53,35.4 1 1
github.com/arthur-debert/dodot/pkg/core/operations.go:37.3,37.59 1 0
github.com/arthur-debert/dodot/pkg/core/operations.go:40.2,43.39 2 1
github.com/arthur-debert/dodot/pkg/core/operations.go:43.39,45.17 2 1
github.com/arthur-debert/dodot/pkg/core/operations.go:45.17,52.4 2 1
github.com/arthur-debert/dodot/pkg/core/operations.go:53.3,53.48 1 1
github.com/arthur-debert/dodot/pkg/core/operations.go:56.2,57.27 2 1
github.com/arthur-debert/dodot/pkg/core/operations.go:61.68,69.21 3 1
github.com/arthur-debert/dodot/pkg/core/operations.go:70.28,71.35 1 1
github.com/arthur-debert/dodot/pkg/core/operations.go:72.28,73.35 1 1
github.com/arthur-debert/dodot/pkg/core/operations.go:74.29,75.36 1 1
github.com/arthur-debert/dodot/pkg/core/operations.go:76.30,77.37 1 1
github.com/arthur-debert/dodot/pkg/core/operations.go:78.29,79.36 1 1
github.com/arthur-debert/dodot/pkg/core/operations.go:80.35,81.42 1 1
github.com/arthur-debert/dodot/pkg/core/operations.go:82.31,83.38 1 1
github.com/arthur-debert/dodot/pkg/core/operations.go:84.27,88.18 2 1
github.com/arthur-debert/dodot/pkg/core/operations.go:89.28,90.35 1 1
github.com/arthur-debert/dodot/pkg/core/operations.go:91.31,92.38 1 1
github.com/arthur-debert/dodot/pkg/core/operations.go:93.10,94.91 1 1
github.com/arthur-debert/dodot/pkg/core/operations.go:99.72,100.48 1 1
github.com/arthur-debert/dodot/pkg/core/operations.go:100.48,102.3 1 1
github.com/arthur-debert/dodot/pkg/core/operations.go:105.2,132.42 6 1
github.com/arthur-debert/dodot/pkg/core/operations.go:132.42,138.3 1 1
github.com/arthur-debert/dodot/pkg/core/operations.go:140.2,140.17 1 1
github.com/arthur-debert/dodot/pkg/core/operations.go:144.72,145.48 1 1
github.com/arthur-debert/dodot/pkg/core/operations.go:145.48,147.3 1 1
github.com/arthur-debert/dodot/pkg/core/operations.go:149.2,163.42 5 1
github.com/arthur-debert/dodot/pkg/core/operations.go:163.42,169.3 1 1
github.com/arthur-debert/dodot/pkg/core/operations.go:171.2,171.17 1 1
github.com/arthur-debert/dodot/pkg/core/operations.go:175.73,176.25 1 1
github.com/arthur-debert/dodot/pkg/core/operations.go:176.25,178.3 1 1
github.com/arthur-debert/dodot/pkg/core/operations.go:180.2,184.22 3 1
github.com/arthur-debert/dodot/pkg/core/operations.go:184.22,187.3 2 1
github.com/arthur-debert/dodot/pkg/core/operations.go:189.2,201.42 3 1
github.com/arthur-debert/dodot/pkg/core/operations.go:201.42,207.3 1 1
github.com/arthur-debert/dodot/pkg/core/operations.go:209.2,209.17 1 1
github.com/arthur-debert/dodot/pkg/core/operations.go:213.74,214.25 1 1
github.com/arthur-debert/dodot/pkg/core/operations.go:214.25,216.3 1 1
github.com/arthur-debert/dodot/pkg/core/operations.go:221.2,232.17 3 1
github.com/arthur-debert/dodot/pkg/core/operations.go:236.73,237.25 1 1
github.com/arthur-debert/dodot/pkg/core/operations.go:237.25,239.3 1 1
github.com/arthur-debert/dodot/pkg/core/operations.go:241.2,244.22 3 1
github.com/arthur-debert/dodot/pkg/core/operations.go:244.22,247.3 2 1
github.com/arthur-debert/dodot/pkg/core/operations.go:249.2,258.17 2 1
github.com/arthur-debert/dodot/pkg/core/operations.go:262.79,263.25 1 1
github.com/arthur-debert/dodot/pkg/core/operations.go:263.25,265.3 1 1
github.com/arthur-debert/dodot/pkg/core/operations.go:268.2,270.23 3 1
github.com/arthur-debert/dodot/pkg/core/operations.go:270.23,272.3 1 1
github.com/arthur-debert/dodot/pkg/core/operations.go:273.2,291.17 4 1
github.com/arthur-debert/dodot/pkg/core/operations.go:295.75,296.25 1 1
github.com/arthur-debert/dodot/pkg/core/operations.go:296.25,298.3 1 1
github.com/arthur-debert/dodot/pkg/core/operations.go:301.2,303.24 3 1
github.com/arthur-debert/dodot/pkg/core/operations.go:303.24,305.3 1 1
github.com/arthur-debert/dodot/pkg/core/operations.go:306.2,324.17 4 1
github.com/arthur-debert/dodot/pkg/core/operations.go:328.37,329.17 1 1
github.com/arthur-debert/dodot/pkg/core/operations.go:329.17,332.3 2 1
github.com/arthur-debert/dodot/pkg/core/operations.go:333.2,333.35 1 1
github.com/arthur-debert/dodot/pkg/core/operations.go:333.35,336.3 2 1
github.com/arthur-debert/dodot/pkg/core/operations.go:337.2,337.13 1 1
github.com/arthur-debert/dodot/pkg/core/operations.go:341.72,342.25 1 1
github.com/arthur-debert/dodot/pkg/core/operations.go:342.25,344.3 1 1
github.com/arthur-debert/dodot/pkg/core/operations.go:347.2,348.27 2 1
github.com/arthur-debert/dodot/pkg/core/operations.go:348.27,350.3 1 1
github.com/arthur-debert/dodot/pkg/core/operations.go:352.2,353.23 2 1
github.com/arthur-debert/dodot/pkg/core/operations.go:353.23,355.3 1 1
github.com/arthur-debert/dodot/pkg/core/operations.go:358.2,377.17 3 1
github.com/arthur-debert/dodot/pkg/core/operations.go:381.75,382.25 1 1
github.com/arthur-debert/dodot/pkg/core/operations.go:382.25,384.3 1 1
github.com/arthur-debert/dodot/pkg/core/operations.go:387.2,388.27 2 1
github.com/arthur-debert/dodot/pkg/core/operations.go:388.27,390.3 1 1
github.com/arthur-debert/dodot/pkg/core/operations.go:392.2,393.23 2 1
github.com/arthur-debert/dodot/pkg/core/operations.go:393.23,395.3 1 1
github.com/arthur-debert/dodot/pkg/core/operations.go:398.2,417.17 3 1
github.com/arthur-debert/dodot/pkg/core/operations.go:421.34,423.2 1 1
github.com/arthur-debert/dodot/pkg/core/packs.go:29.63,35.16 4 1
github.com/arthur-debert/dodot/pkg/core/packs.go:35.16,36.25 1 1
github.com/arthur-debert/dodot/pkg/core/packs.go:36.25,39.4 1 1
github.com/arthur-debert/dodot/pkg/core/packs.go:40.3,41.36 1 0
github.com/arthur-debert/dodot/pkg/core/packs.go:44.2,44.19 1 1
github.com/arthur-debert/dodot/pkg/core/packs.go:44.19,47.3 1 1
github.com/arthur-debert/dodot/pkg/core/packs.go:50.2,51.16 2 1
github.com/arthur-debert/dodot/pkg/core/packs.go:51.16,54.3 1 0
github.com/arthur-debert/dodot/pkg/core/packs.go:56.2,57.32 2 1
github.com/arthur-debert/dodot/pkg/core/packs.go:57.32,61.56 2 1
github.com/arthur-debert/dodot/pkg/core/packs.go:61.56,63.12 2 1
github.com/arthur-debert/dodot/pkg/core/packs.go:67.3,67.25 1 1
github.com/arthur-debert/dodot/pkg/core/packs.go:67.25,69.12 2 1
github.com/arthur-debert/dodot/pkg/core/packs.go:73.3,73.20 1 1
github.com/arthur-debert/dodot/pkg/core/packs.go:73.20,77.4 3 1
github.com/arthur-debert/dodot/pkg/core/packs.go:81.2,84.24 3 1
github.com/arthur-debert/dodot/pkg/core/packs.go:88.58,94.43 4 1
github.com/arthur-debert/dodot/pkg/core/packs.go:94.43,96.17 2 1
github.com/arthur-debert/dodot/pkg/core/packs.go:96.17,102.12 2 1
github.com/arthur-debert/dodot/pkg/core/packs.go:106.3,106.31 1 1
github.com/arthur-debert/dodot/pkg/core/packs.go:106.31,113.12 2 1
github.com/arthur-debert/dodot/pkg/core/packs.go:116.3,120.22 2 1
github.com/arthur-debert/dodot/pkg/core/packs.go:124.2,124.40 1 1
github.com/arthur-debert/dodot/pkg/core/packs.go:124.40,126.3 1 1
github.com/arthur-debert/dodot/pkg/core/packs.go:128.2,129.19 2 1
github.com/arthur-debert/dodot/pkg/core/packs.go:133.52,138.16 3 1
github.com/arthur-debert/dodot/pkg/core/packs.go:138.16,141.3 1 1
github.com/arthur-debert/dodot/pkg/core/packs.go:143.2,143.19 1 1
github.com/arthur-debert/dodot/pkg/core/packs.go:143.19,146.3 1 0
github.com/arthur-debert/dodot/pkg/core/packs.go:149.2,160.35 4 1
github.com/arthur-debert/dodot/pkg/core/packs.go:160.35,162.17 2 1
github.com/arthur-debert/dodot/pkg/core/packs.go:162.17,166.4 1 1
github.com/arthur-debert/dodot/pkg/core/packs.go:167.3,167.27 1 1
github.com/arthur-debert/dodot/pkg/core/packs.go:170.2,175.18 2 1
github.com/arthur-debert/dodot/pkg/core/packs.go:179.66,181.2 1 1
github.com/arthur-debert/dodot/pkg/core/packs.go:184.37,185.48 1 1
github.com/arthur-debert/dodot/pkg/core/packs.go:185.48,187.59 1 1
github.com/arthur-debert/dodot/pkg/core/packs.go:187.59,189.4 1 1
github.com/arthur-debert/dodot/pkg/core/packs.go:191.2,191.14 1 1
github.com/arthur-debert/dodot/pkg/core/packs.go:195.42,200.16 3 1
github.com/arthur-debert/dodot/pkg/core/packs.go:200.16,201.25 1 1
github.com/arthur-debert/dodot/pkg/core/packs.go:201.25,204.4 1 1
github.com/arthur-debert/dodot/pkg/core/packs.go:205.3,206.32 1 0
github.com/arthur-debert/dodot/pkg/core/packs.go:210.2,210.19 1 1
github.com/arthur-debert/dodot/pkg/core/packs.go:210.19,213.3 1 1
github.com/arthur-debert/dodot/pkg/core/packs.go:216.2,217.35 2 1
github.com/arthur-debert/dodot/pkg/core/packs.go:217.35,219.17 2 1
github.com/arthur-debert/dodot/pkg/core/packs.go:219.17,224.4 1 1
github.com/arthur-debert/dodot/pkg/core/packs.go:226.3,226.30 1 1
github.com/arthur-debert/dodot/pkg/core/packs.go:226.30,232.4 1 1
github.com/arthur-debert/dodot/pkg/core/packs.go:236.2,237.16 2 1
github.com/arthur-debert/dodot/pkg/core/packs.go:237.16,240.3 1 0
github.com/arthur-debert/dodot/pkg/core/packs.go:243.2,243.23 1 1
github.com/arthur-debert/dodot/pkg/core/packs.go:243.23,246.3 1 1
github.com/arthur-debert/dodot/pkg/core/packs.go:248.2,249.12 2 1
github.com/arthur-debert/dodot/pkg/core/packs.go:253.87,256.29 2 1
github.com/arthur-debert/dodot/pkg/core/packs.go:256.29,259.3 1 1
github.com/arthur-debert/dodot/pkg/core/packs.go:262.2,263.32 2 1
github.com/arthur-debert/dodot/pkg/core/packs.go:263.32,265.3 1 1
github.com/arthur-debert/dodot/pkg/core/packs.go:267.2,270.37 3 1
github.com/arthur-debert/dodot/pkg/core/packs.go:270.37,271.44 1 1
github.com/arthur-debert/dodot/pkg/core/packs.go:271.44,274.4 2 1
github.com/arthur-debert/dodot/pkg/core/packs.go:274.9,276.4 1 1
github.com/arthur-debert/dodot/pkg/core/packs.go:279.2,279.23 1 1
github.com/arthur-debert/dodot/pkg/core/packs.go:279.23,283.3 1 1
github.com/arthur-debert/dodot/pkg/core/packs.go:286.2,286.43 1 1
github.com/arthur-debert/dodot/pkg/core/packs.go:286.43,288.3 1 1
github.com/arthur-debert/dodot/pkg/core/packs.go:290.2,295.22 2 1
github.com/arthur-debert/dodot/pkg/core/packs.go:299.48,301.29 2 1
github.com/arthur-debert/dodot/pkg/core/packs.go:301.29,303.3 1 1
github.com/arthur-debert/dodot/pkg/core/packs.go:304.2,304.14 1 1
github.com/arthur-debert/dodot/pkg/core/runonce.go:19.73,23.11 2 1
github.com/arthur-debert/dodot/pkg/core/runonce.go:23.11,29.3 2 1
github.com/arthur-debert/dodot/pkg/core/runonce.go:32.2,32.21 1 1
github.com/arthur-debert/dodot/pkg/core/runonce.go:33.53,33.53 0 1
github.com/arthur-debert/dodot/pkg/core/runonce.go:35.10,37.19 1 1
github.com/arthur-debert/dodot/pkg/core/runonce.go:41.2,42.27 2 1
github.com/arthur-debert/dodot/pkg/core/runonce.go:42.27,48.3 2 1
github.com/arthur-debert/dodot/pkg/core/runonce.go:51.2,52.23 2 1
github.com/arthur-debert/dodot/pkg/core/runonce.go:52.23,57.3 2 1
github.com/arthur-debert/dodot/pkg/core/runonce.go:60.2,61.21 2 1
github.com/arthur-debert/dodot/pkg/core/runonce.go:62.28,63.61 1 1
github.com/arthur-debert/dodot/pkg/core/runonce.go:64.31,65.60 1 1
github.com/arthur-debert/dodot/pkg/core/runonce.go:69.2,70.16 2 1
github.com/arthur-debert/dodot/pkg/core/runonce.go:70.16,71.25 1 1
github.com/arthur-debert/dodot/pkg/core/runonce.go:71.25,77.4 2 1
github.com/arthur-debert/dodot/pkg/core/runonce.go:78.3,79.54 1 0
github.com/arthur-debert/dodot/pkg/core/runonce.go:83.2,83.30 1 1
github.com/arthur-debert/dodot/pkg/core/runonce.go:83.30,88.3 2 1
github.com/arthur-debert/dodot/pkg/core/runonce.go:91.2,92.16 2 1
github.com/arthur-debert/dodot/pkg/core/runonce.go:92.16,95.3 1 0
github.com/arthur-debert/dodot/pkg/core/runonce.go:98.2,98.42 1 1
github.com/arthur-debert/dodot/pkg/core/runonce.go:98.42,105.3 2 1
github.com/arthur-debert/dodot/pkg/core/runonce.go:107.2,113.18 2 1
github.com/arthur-debert/dodot/pkg/core/runonce.go:119.87,126.23 3 1
github.com/arthur-debert/dodot/pkg/core/runonce.go:126.23,128.3 1 1
github.com/arthur-debert/dodot/pkg/core/runonce.go:130.2,132.33 2 1
github.com/arthur-debert/dodot/pkg/core/runonce.go:132.33,134.17 2 1
github.com/arthur-debert/dodot/pkg/core/runonce.go:134.17,136.4 1 0
github.com/arthur-debert/dodot/pkg/core/runonce.go:138.3,138.16 1 1
github.com/arthur-debert/dodot/pkg/core/runonce.go:138.16,140.4 1 1
github.com/arthur-debert/dodot/pkg/core/runonce.go:140.9,146.4 1 1
github.com/arthur-debert/dodot/pkg/core/runonce.go:149.2,155.22 2 1
github.com/arthur-debert/dodot/pkg/core/runonce.go:160.67,161.25 1 1
github.com/arthur-debert/dodot/pkg/core/runonce.go:161.25,163.3 1 1
github.com/arthur-debert/dodot/pkg/core/runonce.go:166.2,166.21 1 1
github.com/arthur-debert/dodot/pkg/core/runonce.go:167.53,168.55 1 1
github.com/arthur-debert/dodot/pkg/core/runonce.go:169.10,170.95 1 1
github.com/arthur-debert/dodot/pkg/core/runonce.go:183.77,190.21 4 1
github.com/arthur-debert/dodot/pkg/core/runonce.go:191.17,193.78 2 1
github.com/arthur-debert/dodot/pkg/core/runonce.go:194.18,196.79 2 1
github.com/arthur-debert/dodot/pkg/core/runonce.go:197.10,198.71 1 0
github.com/arthur-debert/dodot/pkg/core/runonce.go:202.2,203.47 2 1
github.com/arthur-debert/dodot/pkg/core/runonce.go:203.47,204.25 1 1
github.com/arthur-debert/dodot/pkg/core/runonce.go:204.25,207.4 1 1
github.com/arthur-debert/dodot/pkg/core/runonce.go:208.3,208.85 1 0
github.com/arthur-debert/dodot/pkg/core/runonce.go:212.2,213.16 2 1
github.com/arthur-debert/dodot/pkg/core/runonce.go:213.16,215.3 1 0
github.com/arthur-debert/dodot/pkg/core/runonce.go:218.2,220.16 3 1
github.com/arthur-debert/dodot/pkg/core/runonce.go:220.16,221.25 1 1
github.com/arthur-debert/dodot/pkg/core/runonce.go:221.25,227.4 1 1
github.com/arthur-debert/dodot/pkg/core/runonce.go:228.3,228.86 1 0
github.com/arthur-debert/dodot/pkg/core/runonce.go:232.2,237.16 4 1
github.com/arthur-debert/dodot/pkg/core/runonce.go:237.16,239.3 1 1
github.com/arthur-debert/dodot/pkg/core/runonce.go:242.2,256.8 3 1
github.com/arthur-debert/dodot/pkg/core/triggers.go:15.74,22.29 4 1
github.com/arthur-debert/dodot/pkg/core/triggers.go:22.29,24.17 2 1
github.com/arthur-debert/dodot/pkg/core/triggers.go:24.17,30.4 2 0
github.com/arthur-debert/dodot/pkg/core/triggers.go:31.3,31.46 1 1
github.com/arthur-debert/dodot/pkg/core/triggers.go:34.2,35.24 2 1
github.com/arthur-debert/dodot/pkg/core/triggers.go:39.73,48.28 4 1
github.com/arthur-debert/dodot/pkg/core/triggers.go:48.28,51.3 2 0
github.com/arthur-debert/dodot/pkg/core/triggers.go:54.2,55.31 2 1
github.com/arthur-debert/dodot/pkg/core/triggers.go:55.31,58.3 2 0
github.com/arthur-debert/dodot/pkg/core/triggers.go:61.2,66.87 3 1
github.com/arthur-debert/dodot/pkg/core/triggers.go:66.87,67.17 1 1
github.com/arthur-debert/dodot/pkg/core/triggers.go:67.17,69.4 1 0
github.com/arthur-debert/dodot/pkg/core/triggers.go:72.3,72.24 1 1
github.com/arthur-debert/dodot/pkg/core/triggers.go:72.24,74.4 1 1
github.com/arthur-debert/dodot/pkg/core/triggers.go:77.3,77.43 1 1
github.com/arthur-debert/dodot/pkg/core/triggers.go:77.43,79.4 1 1
github.com/arthur-debert/dodot/pkg/core/triggers.go:82.3,82.40 1 1
github.com/arthur-debert/dodot/pkg/core/triggers.go:82.40,83.17 1 0
github.com/arthur-debert/dodot/pkg/core/triggers.go:83.17,85.5 1 0
github.com/arthur-debert/dodot/pkg/core/triggers.go:86.4,86.14 1 0
github.com/arthur-debert/dodot/pkg/core/triggers.go:90.3,91.17 2 1
github.com/arthur-debert/dodot/pkg/core/triggers.go:91.17,97.4 2 0
github.com/arthur-debert/dodot/pkg/core/triggers.go:100.3,101.17 2 1
github.com/arthur-debert/dodot/pkg/core/triggers.go:101.17,107.4 2 0
github.com/arthur-debert/dodot/pkg/core/triggers.go:110.3,111.29 2 1
github.com/arthur-debert/dodot/pkg/core/triggers.go:111.29,116.4 2 1
github.com/arthur-debert/dodot/pkg/core/triggers.go:119.3,119.23 1 1
github.com/arthur-debert/dodot/pkg/core/triggers.go:119.23,132.4 3 1
github.com/arthur-debert/dodot/pkg/core/triggers.go:135.3,135.43 1 1
github.com/arthur-debert/dodot/pkg/core/triggers.go:135.43,137.18 2 1
github.com/arthur-debert/dodot/pkg/core/triggers.go:137.18,143.13 2 0
github.com/arthur-debert/dodot/pkg/core/triggers.go:145.4,145.20 1 1
github.com/arthur-debert/dodot/pkg/core/triggers.go:145.20,148.10 2 1
github.com/arthur-debert/dodot/pkg/core/triggers.go:152.3,152.13 1 1
github.com/arthur-debert/dodot/pkg/core/triggers.go:155.2,155.16 1 1
github.com/arthur-debert/dodot/pkg/core/triggers.go:155.16,157.3 1 0
github.com/arthur-debert/dodot/pkg/core/triggers.go:159.2,163.21 2 1
github.com/arthur-debert/dodot/pkg/core/triggers.go:167.55,171.2 1 1
github.com/arthur-debert/dodot/pkg/core/triggers.go:174.130,179.16 3 1
github.com/arthur-debert/dodot/pkg/core/triggers.go:179.16,181.3 1 0
github.com/arthur-debert/dodot/pkg/core/triggers.go:184.2,185.16 2 1
github.com/arthur-debert/dodot/pkg/core/triggers.go:185.16,187.3 1 0
github.com/arthur-debert/dodot/pkg/core/triggers.go:190.2,191.14 2 1
github.com/arthur-debert/dodot/pkg/core/triggers.go:191.14,193.3 1 1
github.com/arthur-debert/dodot/pkg/core/triggers.go:195.2,214.33 3 1
github.com/arthur-debert/dodot/pkg/core/triggers.go:214.33,216.3 1 1
github.com/arthur-debert/dodot/pkg/core/triggers.go:219.2,219.43 1 1
github.com/arthur-debert/dodot/pkg/core/triggers.go:219.43,221.3 1 0
github.com/arthur-debert/dodot/pkg/core/triggers.go:223.2,223.19 1 1
github.com/arthur-debert/dodot/pkg/errors/errors.go:70.37,71.22 1 1
github.com/arthur-debert/dodot/pkg/errors/errors.go:71.22,73.3 1 1
github.com/arthur-debert/dodot/pkg/errors/errors.go:74.2,74.50 1 1
github.com/arthur-debert/dodot/pkg/errors/errors.go:78.37,80.2 1 1
github.com/arthur-debert/dodot/pkg/errors/errors.go:83.44,85.35 2 1
github.com/arthur-debert/dodot/pkg/errors/errors.go:85.35,87.3 1 1
github.com/arthur-debert/dodot/pkg/errors/errors.go:88.2,88.14 1 1
github.com/arthur-debert/dodot/pkg/errors/errors.go:92.54,98.2 1 1
github.com/arthur-debert/dodot/pkg/errors/errors.go:101.75,107.2 1 1
github.com/arthur-debert/dodot/pkg/errors/errors.go:110.66,111.16 1 1
github.com/arthur-debert/dodot/pkg/errors/errors.go:111.16,113.3 1 1
github.com/arthur-debert/dodot/pkg/errors/errors.go:114.2,119.3 1 1
github.com/arthur-debert/dodot/pkg/errors/errors.go:123.87,124.16 1 1
github.com/arthur-debert/dodot/pkg/errors/errors.go:124.16,126.3 1 0
github.com/arthur-debert/dodot/pkg/errors/errors.go:127.2,132.3 1 1
github.com/arthur-debert/dodot/pkg/errors/errors.go:136.76,137.22 1 1
github.com/arthur-debert/dodot/pkg/errors/errors.go:137.22,139.3 1 0
github.com/arthur-debert/dodot/pkg/errors/errors.go:140.2,141.10 2 1
github.com/arthur-debert/dodot/pkg/errors/errors.go:145.78,146.22 1 1
github.com/arthur-debert/dodot/pkg/errors/errors.go:146.22,148.3 1 0
github.com/arthur-debert/dodot/pkg/errors/errors.go:149.2,149.28 1 1
github.com/arthur-debert/dodot/pkg/errors/errors.go:149.28,151.3 1 1
github.com/arthur-debert/dodot/pkg/errors/errors.go:152.2,152.10 1 1
github.com/arthur-debert/dodot/pkg/errors/errors.go:156.50,158.31 2 1
github.com/arthur-debert/dodot/pkg/errors/errors.go:158.31,160.3 1 1
github.com/arthur-debert/dodot/pkg/errors/errors.go:161.2,161.14 1 1
github.com/arthur-debert/dodot/pkg/errors/errors.go:165.40,167.31 2 1
github.com/arthur-debert/dodot/pkg/errors/errors.go:167.31,169.3 1 1
github.com/arthur-debert/dodot/pkg/errors/errors.go:170.2,170.19 1 1
github.com/arthur-debert/dodot/pkg/errors/errors.go:174.56,176.31 2 1
github.com/arthur-debert/dodot/pkg/errors/errors.go:176.31,178.3 1 1
github.com/arthur-debert/dodot/pkg/errors/errors.go:179.2,179.12 1 1
github.com/arthur-debert/dodot/pkg/matchers/matchers.go:13.40,113.2 1 1
github.com/arthur-debert/dodot/pkg/matchers/matchers.go:116.73,129.27 2 1
github.com/arthur-debert/dodot/pkg/matchers/matchers.go:129.27,131.3 1 1
github.com/arthur-debert/dodot/pkg/matchers/matchers.go:134.2,134.59 1 1
github.com/arthur-debert/dodot/pkg/matchers/matchers.go:134.59,137.3 2 1
github.com/arthur-debert/dodot/pkg/matchers/matchers.go:139.2,139.58 1 1
github.com/arthur-debert/dodot/pkg/matchers/matchers.go:139.58,142.3 2 1
github.com/arthur-debert/dodot/pkg/matchers/matchers.go:145.2,145.49 1 1
github.com/arthur-debert/dodot/pkg/matchers/matchers.go:145.49,147.3 1 1
github.com/arthur-debert/dodot/pkg/matchers/matchers.go:149.2,149.21 1 1
github.com/arthur-debert/dodot/pkg/matchers/matchers.go:153.52,154.31 1 1
github.com/arthur-debert/dodot/pkg/matchers/matchers.go:154.31,156.3 1 1
github.com/arthur-debert/dodot/pkg/matchers/matchers.go:158.2,158.31 1 1
github.com/arthur-debert/dodot/pkg/matchers/matchers.go:158.31,160.3 1 1
github.com/arthur-debert/dodot/pkg/matchers/matchers.go:163.2,164.16 2 1
github.com/arthur-debert/dodot/pkg/matchers/matchers.go:164.16,166.3 1 1
github.com/arthur-debert/dodot/pkg/matchers/matchers.go:169.2,170.16 2 1
github.com/arthur-debert/dodot/pkg/matchers/matchers.go:170.16,172.3 1 1
github.com/arthur-debert/dodot/pkg/matchers/matchers.go:174.2,174.12 1 1
github.com/arthur-debert/dodot/pkg/matchers/matchers.go:178.55,179.43 1 1
github.com/arthur-debert/dodot/pkg/matchers/matchers.go:179.43,181.51 1 1
github.com/arthur-debert/dodot/pkg/matchers/matchers.go:181.51,183.4 1 1
github.com/arthur-debert/dodot/pkg/matchers/matchers.go:185.3,185.45 1 1
github.com/arthur-debert/dodot/pkg/matchers/matchers.go:190.70,194.29 3 1
github.com/arthur-debert/dodot/pkg/matchers/matchers.go:194.29,195.16 1 1
github.com/arthur-debert/dodot/pkg/matchers/matchers.go:195.16,197.4 1 1
github.com/arthur-debert/dodot/pkg/matchers/matchers.go:197.9,203.4 1 1
github.com/arthur-debert/dodot/pkg/matchers/matchers.go:206.2,206.16 1 1
github.com/arthur-debert/dodot/pkg/matchers/matchers.go:210.68,217.34 3 1
github.com/arthur-debert/dodot/pkg/matchers/matchers.go:217.34,218.31 1 1
github.com/arthur-debert/dodot/pkg/matchers/matchers.go:218.31,220.17 2 1
github.com/arthur-debert/dodot/pkg/matchers/matchers.go:220.17,223.5 1 1
github.com/arthur-debert/dodot/pkg/matchers/matchers.go:225.4,225.44 1 1
github.com/arthur-debert/dodot/pkg/matchers/matchers.go:225.44,231.5 1 1
github.com/arthur-debert/dodot/pkg/matchers/matchers.go:233.4,233.29 1 1
github.com/arthur-debert/dodot/pkg/matchers/matchers.go:238.2,239.37 2 1
github.com/arthur-debert/dodot/pkg/matchers/matchers.go:239.37,241.3 1 1
github.com/arthur-debert/dodot/pkg/matchers/matchers.go:244.2,246.15 2 1
github.com/arthur-debert/dodot/pkg/powerups/brewfile.go:24.41,26.2 1 1
github.com/arthur-debert/dodot/pkg/powerups/brewfile.go:29.41,31.2 1 1
github.com/arthur-debert/dodot/pkg/powerups/brewfile.go:34.48,36.2 1 1
github.com/arthur-debert/dodot/pkg/powerups/brewfile.go:39.51,41.2 1 1
github.com/arthur-debert/dodot/pkg/powerups/brewfile.go:44.89,48.32 3 1
github.com/arthur-debert/dodot/pkg/powerups/brewfile.go:48.32,56.17 3 1
github.com/arthur-debert/dodot/pkg/powerups/brewfile.go:56.17,61.4 2 1
github.com/arthur-debert/dodot/pkg/powerups/brewfile.go:63.3,77.36 2 1
github.com/arthur-debert/dodot/pkg/powerups/brewfile.go:80.2,80.21 1 1
github.com/arthur-debert/dodot/pkg/powerups/brewfile.go:84.81,87.2 1 1
github.com/arthur-debert/dodot/pkg/powerups/brewfile.go:90.61,92.16 2 1
github.com/arthur-debert/dodot/pkg/powerups/brewfile.go:92.16,94.3 1 1
github.com/arthur-debert/dodot/pkg/powerups/brewfile.go:95.2,95.15 1 1
github.com/arthur-debert/dodot/pkg/powerups/brewfile.go:95.15,97.3 1 1
github.com/arthur-debert/dodot/pkg/powerups/brewfile.go:99.2,100.47 2 1
github.com/arthur-debert/dodot/pkg/powerups/brewfile.go:100.47,102.3 1 0
github.com/arthur-debert/dodot/pkg/powerups/brewfile.go:104.2,104.46 1 1
github.com/arthur-debert/dodot/pkg/powerups/brewfile.go:108.50,110.2 1 1
github.com/arthur-debert/dodot/pkg/powerups/brewfile.go:112.13,115.2 1 1
github.com/arthur-debert/dodot/pkg/powerups/brewfile.go:118.39,119.121 1 1
github.com/arthur-debert/dodot/pkg/powerups/brewfile.go:119.121,121.3 1 0
github.com/arthur-debert/dodot/pkg/powerups/brewfile.go:122.2,122.16 1 1
github.com/arthur-debert/dodot/pkg/powerups/brewfile.go:122.16,123.85 1 0
github.com/arthur-debert/dodot/pkg/powerups/install.go:21.46,23.2 1 1
github.com/arthur-debert/dodot/pkg/powerups/install.go:26.46,28.2 1 1
github.com/arthur-debert/dodot/pkg/powerups/install.go:31.53,33.2 1 1
github.com/arthur-debert/dodot/pkg/powerups/install.go:36.56,38.2 1 1
github.com/arthur-debert/dodot/pkg/powerups/install.go:41.94,45.32 3 1
github.com/arthur-debert/dodot/pkg/powerups/install.go:45.32,53.17 3 1
github.com/arthur-debert/dodot/pkg/powerups/install.go:53.17,58.4 2 1
github.com/arthur-debert/dodot/pkg/powerups/install.go:60.3,76.36 2 1
github.com/arthur-debert/dodot/pkg/powerups/install.go:79.2,79.21 1 1
github.com/arthur-debert/dodot/pkg/powerups/install.go:83.86,86.2 1 1
github.com/arthur-debert/dodot/pkg/powerups/install.go:89.49,91.2 1 1
github.com/arthur-debert/dodot/pkg/powerups/install.go:93.13,96.2 1 1
github.com/arthur-debert/dodot/pkg/powerups/install.go:99.44,100.126 1 1
github.com/arthur-debert/dodot/pkg/powerups/install.go:100.126,102.3 1 0
github.com/arthur-debert/dodot/pkg/powerups/install.go:103.2,103.16 1 1
github.com/arthur-debert/dodot/pkg/powerups/install.go:103.16,104.90 1 0
github.com/arthur-debert/dodot/pkg/powerups/symlink.go:24.42,28.16 3 1
github.com/arthur-debert/dodot/pkg/powerups/symlink.go:28.16,33.20 3 0
github.com/arthur-debert/dodot/pkg/powerups/symlink.go:33.20,36.18 2 0
github.com/arthur-debert/dodot/pkg/powerups/symlink.go:36.18,41.5 3 0
github.com/arthur-debert/dodot/pkg/powerups/symlink.go:41.10,43.5 1 0
github.com/arthur-debert/dodot/pkg/powerups/symlink.go:44.9,46.4 1 0
github.com/arthur-debert/dodot/pkg/powerups/symlink.go:49.2,51.3 1 1
github.com/arthur-debert/dodot/pkg/powerups/symlink.go:55.40,57.2 1 1
github.com/arthur-debert/dodot/pkg/powerups/symlink.go:60.47,62.2 1 1
github.com/arthur-debert/dodot/pkg/powerups/symlink.go:65.50,67.2 1 0
github.com/arthur-debert/dodot/pkg/powerups/symlink.go:70.88,76.58 4 1
github.com/arthur-debert/dodot/pkg/powerups/symlink.go:76.58,77.69 1 1
github.com/arthur-debert/dodot/pkg/powerups/symlink.go:77.69,79.4 1 1
github.com/arthur-debert/dodot/pkg/powerups/symlink.go:83.2,85.32 2 1
github.com/arthur-debert/dodot/pkg/powerups/symlink.go:85.32,91.62 3 1
github.com/arthur-debert/dodot/pkg/powerups/symlink.go:91.62,99.4 2 1
github.com/arthur-debert/dodot/pkg/powerups/symlink.go:101.3,123.35 4 1
github.com/arthur-debert/dodot/pkg/powerups/symlink.go:126.2,131.21 2 1
github.com/arthur-debert/dodot/pkg/powerups/symlink.go:135.80,136.20 1 1
github.com/arthur-debert/dodot/pkg/powerups/symlink.go:136.20,138.3 1 1
github.com/arthur-debert/dodot/pkg/powerups/symlink.go:141.2,141.49 1 1
github.com/arthur-debert/dodot/pkg/powerups/symlink.go:141.49,142.36 1 1
github.com/arthur-debert/dodot/pkg/powerups/symlink.go:142.36,144.4 1 1
github.com/arthur-debert/dodot/pkg/powerups/symlink.go:148.2,148.27 1 1
github.com/arthur-debert/dodot/pkg/powerups/symlink.go:148.27,149.22 1 1
github.com/arthur-debert/dodot/pkg/powerups/symlink.go:149.22,151.4 1 1
github.com/arthur-debert/dodot/pkg/powerups/symlink.go:154.2,154.12 1 1
github.com/arthur-debert/dodot/pkg/powerups/symlink.go:157.13,159.120 1 1
github.com/arthur-debert/dodot/pkg/powerups/symlink.go:159.120,161.3 1 1
github.com/arthur-debert/dodot/pkg/powerups/symlink.go:162.2,162.16 1 1
github.com/arthur-debert/dodot/pkg/powerups/symlink.go:162.16,163.75 1 0
github.com/arthur-debert/dodot/pkg/registry/global.go:17.13,22.2 4 1
github.com/arthur-debert/dodot/pkg/registry/global.go:26.39,28.26 2 0
github.com/arthur-debert/dodot/pkg/registry/global.go:29.21,30.44 1 0
github.com/arthur-debert/dodot/pkg/registry/global.go:31.21,32.44 1 0
github.com/arthur-debert/dodot/pkg/registry/global.go:33.28,34.51 1 0
github.com/arthur-debert/dodot/pkg/registry/global.go:35.28,36.51 1 0
github.com/arthur-debert/dodot/pkg/registry/global.go:37.10,41.18 1 0
github.com/arthur-debert/dodot/pkg/registry/global.go:46.78,48.2 1 0
github.com/arthur-debert/dodot/pkg/registry/global.go:51.67,53.16 2 0
github.com/arthur-debert/dodot/pkg/registry/global.go:53.16,55.3 1 0
github.com/arthur-debert/dodot/pkg/registry/global.go:56.2,56.21 1 0
github.com/arthur-debert/dodot/pkg/registry/global.go:60.78,62.2 1 0
github.com/arthur-debert/dodot/pkg/registry/global.go:65.67,67.16 2 0
github.com/arthur-debert/dodot/pkg/registry/global.go:67.16,69.3 1 0
github.com/arthur-debert/dodot/pkg/registry/global.go:70.2,70.21 1 0
github.com/arthur-debert/dodot/pkg/registry/registry.go:42.31,46.2 1 1
github.com/arthur-debert/dodot/pkg/registry/registry.go:49.59,50.16 1 1
github.com/arthur-debert/dodot/pkg/registry/registry.go:50.16,52.3 1 1
github.com/arthur-debert/dodot/pkg/registry/registry.go:54.2,57.40 3 1
github.com/arthur-debert/dodot/pkg/registry/registry.go:57.40,59.3 1 1
github.com/arthur-debert/dodot/pkg/registry/registry.go:61.2,62.12 2 1
github.com/arthur-debert/dodot/pkg/registry/registry.go:66.51,71.13 4 1
github.com/arthur-debert/dodot/pkg/registry/registry.go:71.13,74.3 2 1
github.com/arthur-debert/dodot/pkg/registry/registry.go:76.2,76.18 1 1
github.com/arthur-debert/dodot/pkg/registry/registry.go:80.49,84.41 3 1
github.com/arthur-debert/dodot/pkg/registry/registry.go:84.41,86.3 1 1
github.com/arthur-debert/dodot/pkg/registry/registry.go:88.2,89.12 2 1
github.com/arthur-debert/dodot/pkg/registry/registry.go:93.39,98.28 4 1
github.com/arthur-debert/dodot/pkg/registry/registry.go:98.28,100.3 1 1
github.com/arthur-debert/dodot/pkg/registry/registry.go:102.2,103.14 2 1
github.com/arthur-debert/dodot/pkg/registry/registry.go:107.45,113.2 4 1
github.com/arthur-debert/dodot/pkg/registry/registry.go:116.31,121.2 3 1
github.com/arthur-debert/dodot/pkg/registry/registry.go:124.35,129.2 3 1
github.com/arthur-debert/dodot/pkg/registry/registry.go:133.64,134.49 1 1
github.com/arthur-debert/dodot/pkg/registry/registry.go:134.49,135.61 1 1
github.com/arthur-debert/dodot/pkg/registry/registry.go:141.53,143.16 2 1
github.com/arthur-debert/dodot/pkg/registry/registry.go:143.16,144.56 1 1
github.com/arthur-debert/dodot/pkg/registry/registry.go:146.2,146.13 1 1
github.com/arthur-debert/dodot/pkg/testutil/assertions.go:12.89,15.42 2 1
github.com/arthur-debert/dodot/pkg/testutil/assertions.go:15.42,18.3 2 0
github.com/arthur-debert/dodot/pkg/testutil/assertions.go:22.92,25.41 2 1
github.com/arthur-debert/dodot/pkg/testutil/assertions.go:25.41,28.3 2 0
github.com/arthur-debert/dodot/pkg/testutil/assertions.go:32.76,35.19 2 1
github.com/arthur-debert/dodot/pkg/testutil/assertions.go:35.19,38.3 2 0
github.com/arthur-debert/dodot/pkg/testutil/assertions.go:42.79,45.18 2 1
github.com/arthur-debert/dodot/pkg/testutil/assertions.go:45.18,48.3 2 0
github.com/arthur-debert/dodot/pkg/testutil/assertions.go:52.70,55.12 2 1
github.com/arthur-debert/dodot/pkg/testutil/assertions.go:55.12,58.3 2 0
github.com/arthur-debert/dodot/pkg/testutil/assertions.go:62.71,65.11 2 1
github.com/arthur-debert/dodot/pkg/testutil/assertions.go:65.11,68.3 2 0
github.com/arthur-debert/dodot/pkg/testutil/assertions.go:72.82,75.36 2 1
github.com/arthur-debert/dodot/pkg/testutil/assertions.go:75.36,78.3 2 0
github.com/arthur-debert/dodot/pkg/testutil/assertions.go:82.85,85.35 2 1
github.com/arthur-debert/dodot/pkg/testutil/assertions.go:85.35,88.3 2 0
github.com/arthur-debert/dodot/pkg/testutil/assertions.go:92.91,95.34 2 1
github.com/arthur-debert/dodot/pkg/testutil/assertions.go:95.34,100.3 3 0
github.com/arthur-debert/dodot/pkg/testutil/assertions.go:103.2,110.32 7 1
github.com/arthur-debert/dodot/pkg/testutil/assertions.go:110.32,111.43 1 1
github.com/arthur-debert/dodot/pkg/testutil/assertions.go:111.43,116.4 3 0
github.com/arthur-debert/dodot/pkg/testutil/assertions.go:121.98,124.34 2 1
github.com/arthur-debert/dodot/pkg/testutil/assertions.go:124.34,128.3 3 0
github.com/arthur-debert/dodot/pkg/testutil/assertions.go:130.2,130.29 1 1
github.com/arthur-debert/dodot/pkg/testutil/assertions.go:130.29,132.14 2 1
github.com/arthur-debert/dodot/pkg/testutil/assertions.go:132.14,135.12 3 0
github.com/arthur-debert/dodot/pkg/testutil/assertions.go:137.3,137.19 1 1
github.com/arthur-debert/dodot/pkg/testutil/assertions.go:137.19,140.4 2 0
github.com/arthur-debert/dodot/pkg/testutil/assertions.go:144.2,144.24 1 1
github.com/arthur-debert/dodot/pkg/testutil/assertions.go:144.24,145.40 1 1
github.com/arthur-debert/dodot/pkg/testutil/assertions.go:145.40,148.4 2 0
github.com/arthur-debert/dodot/pkg/testutil/assertions.go:153.70,156.16 2 1
github.com/arthur-debert/dodot/pkg/testutil/assertions.go:156.16,159.3 2 0
github.com/arthur-debert/dodot/pkg/testutil/assertions.go:163.72,166.16 2 1
github.com/arthur-debert/dodot/pkg/testutil/assertions.go:166.16,169.3 2 0
github.com/arthur-debert/dodot/pkg/testutil/assertions.go:173.70,176.15 2 1
github.com/arthur-debert/dodot/pkg/testutil/assertions.go:176.15,177.31 1 1
github.com/arthur-debert/dodot/pkg/testutil/assertions.go:177.31,180.4 2 0
github.com/arthur-debert/dodot/pkg/testutil/assertions.go:183.2,183.6 1 1
github.com/arthur-debert/dodot/pkg/testutil/assertions.go:187.72,190.15 2 1
github.com/arthur-debert/dodot/pkg/testutil/assertions.go:190.15,191.31 1 1
github.com/arthur-debert/dodot/pkg/testutil/assertions.go:191.31,194.4 2 0
github.com/arthur-debert/dodot/pkg/testutil/assertions.go:197.2,197.6 1 1
github.com/arthur-debert/dodot/pkg/testutil/assertions.go:202.36,203.18 1 1
github.com/arthur-debert/dodot/pkg/testutil/assertions.go:203.18,205.3 1 1
github.com/arthur-debert/dodot/pkg/testutil/assertions.go:207.2,208.18 2 1
github.com/arthur-debert/dodot/pkg/testutil/assertions.go:209.94,210.19 1 1
github.com/arthur-debert/dodot/pkg/testutil/assertions.go:213.2,213.14 1 1
github.com/arthur-debert/dodot/pkg/testutil/assertions.go:216.54,217.26 1 1
github.com/arthur-debert/dodot/pkg/testutil/assertions.go:217.26,219.3 1 1
github.com/arthur-debert/dodot/pkg/testutil/assertions.go:221.2,221.26 1 1
github.com/arthur-debert/dodot/pkg/testutil/assertions.go:221.26,222.44 1 1
github.com/arthur-debert/dodot/pkg/testutil/assertions.go:222.44,224.4 1 1
github.com/arthur-debert/dodot/pkg/testutil/assertions.go:225.3,225.42 1 0
github.com/arthur-debert/dodot/pkg/testutil/assertions.go:229.2,229.69 1 1
github.com/arthur-debert/dodot/pkg/testutil/assertions.go:229.69,231.36 1 1
github.com/arthur-debert/dodot/pkg/testutil/assertions.go:231.36,233.4 1 1
github.com/arthur-debert/dodot/pkg/testutil/assertions.go:237.2,238.33 2 1
github.com/arthur-debert/dodot/pkg/testutil/assertions.go:238.33,240.3 1 1
github.com/arthur-debert/dodot/pkg/testutil/assertions.go:241.2,241.40 1 1
github.com/arthur-debert/dodot/pkg/testutil/assertions.go:245.76,247.17 2 0
github.com/arthur-debert/dodot/pkg/testutil/assertions.go:247.17,250.3 2 0
github.com/arthur-debert/dodot/pkg/testutil/fixtures.go:16.82,22.35 3 0
github.com/arthur-debert/dodot/pkg/testutil/fixtures.go:22.35,24.3 1 0
github.com/arthur-debert/dodot/pkg/testutil/fixtures.go:27.2,27.43 1 0
github.com/arthur-debert/dodot/pkg/testutil/fixtures.go:27.43,29.3 1 0
github.com/arthur-debert/dodot/pkg/testutil/fixtures.go:31.2,31.16 1 0
github.com/arthur-debert/dodot/pkg/testutil/fixtures.go:35.41,77.2 1 0
github.com/arthur-debert/dodot/pkg/testutil/fixtures.go:80.46,86.47 3 0
github.com/arthur-debert/dodot/pkg/testutil/fixtures.go:86.47,88.3 1 0
github.com/arthur-debert/dodot/pkg/testutil/fixtures.go:91.2,93.16 2 0
github.com/arthur-debert/dodot/pkg/testutil/fixtures.go:97.71,108.2 3 0
github.com/arthur-debert/dodot/pkg/testutil/fixtures.go:111.61,175.2 8 0
github.com/arthur-debert/dodot/pkg/testutil/mocks.go:18.37,19.23 1 0
github.com/arthur-debert/dodot/pkg/testutil/mocks.go:19.23,21.3 1 0
github.com/arthur-debert/dodot/pkg/testutil/mocks.go:22.2,22.23 1 0
github.com/arthur-debert/dodot/pkg/testutil/mocks.go:26.44,27.30 1 0
github.com/arthur-debert/dodot/pkg/testutil/mocks.go:27.30,29.3 1 0
github.com/arthur-debert/dodot/pkg/testutil/mocks.go:30.2,30.38 1 0
github.com/arthur-debert/dodot/pkg/testutil/mocks.go:34.38,35.27 1 0
github.com/arthur-debert/dodot/pkg/testutil/mocks.go:35.27,37.3 1 0
github.com/arthur-debert/dodot/pkg/testutil/mocks.go:38.2,38.10 1 0
github.com/arthur-debert/dodot/pkg/testutil/mocks.go:42.91,43.24 1 0
github.com/arthur-debert/dodot/pkg/testutil/mocks.go:43.24,45.3 1 0
github.com/arthur-debert/dodot/pkg/testutil/mocks.go:46.2,46.19 1 0
github.com/arthur-debert/dodot/pkg/testutil/mocks.go:59.37,60.23 1 0
github.com/arthur-debert/dodot/pkg/testutil/mocks.go:60.23,62.3 1 0
github.com/arthur-debert/dodot/pkg/testutil/mocks.go:63.2,63.23 1 0
github.com/arthur-debert/dodot/pkg/testutil/mocks.go:67.44,68.30 1 0
github.com/arthur-debert/dodot/pkg/testutil/mocks.go:68.30,70.3 1 0
github.com/arthur-debert/dodot/pkg/testutil/mocks.go:71.2,71.39 1 0
github.com/arthur-debert/dodot/pkg/testutil/mocks.go:75.47,76.26 1 0
github.com/arthur-debert/dodot/pkg/testutil/mocks.go:76.26,78.3 1 0
github.com/arthur-debert/dodot/pkg/testutil/mocks.go:79.2,79.26 1 0
github.com/arthur-debert/dodot/pkg/testutil/mocks.go:83.85,84.26 1 0
github.com/arthur-debert/dodot/pkg/testutil/mocks.go:84.26,86.3 1 0
github.com/arthur-debert/dodot/pkg/testutil/mocks.go:87.2,87.17 1 0
github.com/arthur-debert/dodot/pkg/testutil/mocks.go:91.77,92.34 1 0
github.com/arthur-debert/dodot/pkg/testutil/mocks.go:92.34,94.3 1 0
github.com/arthur-debert/dodot/pkg/testutil/mocks.go:95.2,95.12 1 0
github.com/arthur-debert/dodot/pkg/testutil/testutil.go:11.50,14.2 2 1
github.com/arthur-debert/dodot/pkg/testutil/testutil.go:18.65,24.62 3 1
github.com/arthur-debert/dodot/pkg/testutil/testutil.go:24.62,26.3 1 0
github.com/arthur-debert/dodot/pkg/testutil/testutil.go:28.2,28.66 1 1
github.com/arthur-debert/dodot/pkg/testutil/testutil.go:28.66,30.3 1 0
github.com/arthur-debert/dodot/pkg/testutil/testutil.go:32.2,32.13 1 1
github.com/arthur-debert/dodot/pkg/testutil/testutil.go:37.58,42.48 3 1
github.com/arthur-debert/dodot/pkg/testutil/testutil.go:42.48,44.3 1 0
github.com/arthur-debert/dodot/pkg/testutil/testutil.go:46.2,46.13 1 1
github.com/arthur-debert/dodot/pkg/testutil/testutil.go:51.55,55.62 2 1
github.com/arthur-debert/dodot/pkg/testutil/testutil.go:55.62,57.3 1 0
github.com/arthur-debert/dodot/pkg/testutil/testutil.go:59.2,59.49 1 1
github.com/arthur-debert/dodot/pkg/testutil/testutil.go:59.49,61.3 1 0
github.com/arthur-debert/dodot/pkg/testutil/testutil.go:65.49,69.16 3 1
github.com/arthur-debert/dodot/pkg/testutil/testutil.go:69.16,71.3 1 1
github.com/arthur-debert/dodot/pkg/testutil/testutil.go:73.2,73.22 1 1
github.com/arthur-debert/dodot/pkg/testutil/testutil.go:77.48,81.16 3 1
github.com/arthur-debert/dodot/pkg/testutil/testutil.go:81.16,83.3 1 1
github.com/arthur-debert/dodot/pkg/testutil/testutil.go:85.2,85.21 1 1
github.com/arthur-debert/dodot/pkg/testutil/testutil.go:89.52,93.16 3 1
github.com/arthur-debert/dodot/pkg/testutil/testutil.go:93.16,95.3 1 0
github.com/arthur-debert/dodot/pkg/testutil/testutil.go:97.2,97.40 1 1
github.com/arthur-debert/dodot/pkg/testutil/testutil.go:102.49,106.16 3 1
github.com/arthur-debert/dodot/pkg/testutil/testutil.go:106.16,108.3 1 0
github.com/arthur-debert/dodot/pkg/testutil/testutil.go:110.2,110.24 1 1
github.com/arthur-debert/dodot/pkg/testutil/testutil.go:115.52,119.16 3 1
github.com/arthur-debert/dodot/pkg/testutil/testutil.go:119.16,121.3 1 0
github.com/arthur-debert/dodot/pkg/testutil/testutil.go:123.2,123.15 1 1
github.com/arthur-debert/dodot/pkg/testutil/testutil.go:127.61,130.26 2 1
github.com/arthur-debert/dodot/pkg/testutil/testutil.go:130.26,132.3 1 0
github.com/arthur-debert/dodot/pkg/testutil/testutil.go:134.2,135.24 2 1
github.com/arthur-debert/dodot/pkg/testutil/testutil.go:135.24,137.3 1 0
github.com/arthur-debert/dodot/pkg/testutil/testutil.go:141.63,144.29 2 1
github.com/arthur-debert/dodot/pkg/testutil/testutil.go:144.29,146.3 1 0
github.com/arthur-debert/dodot/pkg/testutil/testutil.go:148.2,149.36 2 1
github.com/arthur-debert/dodot/pkg/testutil/testutil.go:149.36,151.3 1 0
github.com/arthur-debert/dodot/pkg/testutil/testutil.go:155.46,158.50 2 1
github.com/arthur-debert/dodot/pkg/testutil/testutil.go:158.50,160.3 1 0
github.com/arthur-debert/dodot/pkg/testutil/testutil.go:165.57,168.45 2 0
github.com/arthur-debert/dodot/pkg/testutil/testutil.go:168.45,170.3 1 0
github.com/arthur-debert/dodot/pkg/testutil/testutil.go:174.32,177.23 2 0
github.com/arthur-debert/dodot/pkg/testutil/testutil.go:177.23,179.3 1 0
github.com/arthur-debert/dodot/pkg/testutil/testutil.go:183.34,186.30 2 0
github.com/arthur-debert/dodot/pkg/testutil/testutil.go:186.30,188.3 1 0
github.com/arthur-debert/dodot/pkg/testutil/testutil.go:192.46,197.46 3 0
github.com/arthur-debert/dodot/pkg/testutil/testutil.go:197.46,199.3 1 0
github.com/arthur-debert/dodot/pkg/testutil/testutil.go:201.2,201.19 1 0
github.com/arthur-debert/dodot/pkg/testutil/testutil.go:201.19,202.13 1 0
github.com/arthur-debert/dodot/pkg/testutil/testutil.go:202.13,203.51 1 0
github.com/arthur-debert/dodot/pkg/testutil/testutil.go:203.51,205.5 1 0
github.com/arthur-debert/dodot/pkg/testutil/testutil.go:206.9,207.43 1 0
github.com/arthur-debert/dodot/pkg/testutil/testutil.go:207.43,209.5 1 0
github.com/arthur-debert/dodot/pkg/triggers/filename.go:26.58,33.2 2 1
github.com/arthur-debert/dodot/pkg/triggers/filename.go:36.41,38.2 1 1
github.com/arthur-debert/dodot/pkg/triggers/filename.go:41.48,42.14 1 1
github.com/arthur-debert/dodot/pkg/triggers/filename.go:42.14,44.3 1 1
github.com/arthur-debert/dodot/pkg/triggers/filename.go:45.2,45.52 1 1
github.com/arthur-debert/dodot/pkg/triggers/filename.go:49.95,53.18 2 1
github.com/arthur-debert/dodot/pkg/triggers/filename.go:53.18,55.3 1 1
github.com/arthur-debert/dodot/pkg/triggers/filename.go:57.2,61.14 4 1
github.com/arthur-debert/dodot/pkg/triggers/filename.go:61.14,63.17 2 1
github.com/arthur-debert/dodot/pkg/triggers/filename.go:63.17,70.4 2 1
github.com/arthur-debert/dodot/pkg/triggers/filename.go:71.8,73.3 1 1
github.com/arthur-debert/dodot/pkg/triggers/filename.go:75.2,75.13 1 1
github.com/arthur-debert/dodot/pkg/triggers/filename.go:75.13,89.3 3 1
github.com/arthur-debert/dodot/pkg/triggers/filename.go:91.2,91.19 1 1
github.com/arthur-debert/dodot/pkg/triggers/filename.go:95.42,97.2 1 1
github.com/arthur-debert/dodot/pkg/triggers/filename.go:100.45,101.31 1 1
github.com/arthur-debert/dodot/pkg/triggers/filename.go:101.31,102.15 1 1
github.com/arthur-debert/dodot/pkg/triggers/filename.go:103.37,104.15 1 1
github.com/arthur-debert/dodot/pkg/triggers/filename.go:107.2,107.14 1 1
github.com/arthur-debert/dodot/pkg/triggers/filename.go:110.13,112.121 1 1
github.com/arthur-debert/dodot/pkg/triggers/filename.go:112.121,114.10 2 1
github.com/arthur-debert/dodot/pkg/triggers/filename.go:114.10,116.4 1 1
github.com/arthur-debert/dodot/pkg/triggers/filename.go:117.3,117.42 1 1
github.com/arthur-debert/dodot/pkg/triggers/filename.go:119.2,119.16 1 1
github.com/arthur-debert/dodot/pkg/triggers/filename.go:119.16,120.76 1 0
github.com/arthur-debert/dodot/pkg/types/pack.go:38.39,40.2 1 1
github.com/arthur-debert/dodot/pkg/types/pack.go:43.59,44.20 1 1
github.com/arthur-debert/dodot/pkg/types/pack.go:44.20,46.3 1 0
github.com/arthur-debert/dodot/pkg/types/pack.go:49.2,49.49 1 1
github.com/arthur-debert/dodot/pkg/types/pack.go:49.49,51.3 1 1
github.com/arthur-debert/dodot/pkg/types/pack.go:54.2,54.39 1 1
github.com/arthur-debert/dodot/pkg/types/pack.go:54.39,55.63 1 1
github.com/arthur-debert/dodot/pkg/types/pack.go:55.63,57.4 1 1
github.com/arthur-debert/dodot/pkg/types/pack.go:60.2,60.11 1 0
github.com/arthur-debert/dodot/pkg/types/paths.go:10.31,11.59 1 1
github.com/arthur-debert/dodot/pkg/types/paths.go:11.59,13.3 1 1
github.com/arthur-debert/dodot/pkg/types/paths.go:15.2,15.66 1 1
github.com/arthur-debert/dodot/pkg/types/paths.go:15.66,17.3 1 1
github.com/arthur-debert/dodot/pkg/types/paths.go:19.2,20.59 2 1
github.com/arthur-debert/dodot/pkg/types/paths.go:24.30,26.2 1 1
github.com/arthur-debert/dodot/pkg/types/paths.go:29.34,31.2 1 1
github.com/arthur-debert/dodot/pkg/types/paths.go:34.26,36.2 1 1
github.com/arthur-debert/dodot/pkg/types/paths.go:39.33,41.2 1 1
github.com/arthur-debert/dodot/pkg/types/paths.go:44.29,46.2 1 1
github.com/arthur-debert/dodot/pkg/types/paths.go:49.27,51.2 1 1
github.com/arthur-debert/dodot/pkg/types/paths.go:54.33,56.2 1 1
github.com/arthur-debert/dodot/pkg/types/paths.go:59.29,61.2 1 1
github.com/arthur-debert/dodot/pkg/types/paths.go:64.30,66.2 1 1
github.com/arthur-debert/dodot/pkg/types/shell.go:18.76,19.15 1 1
github.com/arthur-debert/dodot/pkg/types/shell.go:20.14,21.26 1 1
github.com/arthur-debert/dodot/pkg/types/shell.go:21.26,25.4 1 1
github.com/arthur-debert/dodot/pkg/types/shell.go:26.3,26.32 1 1
github.com/arthur-debert/dodot/pkg/types/shell.go:27.10,28.26 1 1
github.com/arthur-debert/dodot/pkg/types/shell.go:28.26,30.4 1 1
github.com/arthur-debert/dodot/pkg/types/shell.go:31.3,31.33 1 1
