mode: atomic
github.com/arthur-debert/dodot/pkg/config/pack.go:15.66,19.16 3 6
github.com/arthur-debert/dodot/pkg/config/pack.go:19.16,21.3 1 1
github.com/arthur-debert/dodot/pkg/config/pack.go:23.2,24.54 2 5
github.com/arthur-debert/dodot/pkg/config/pack.go:24.54,26.3 1 1
github.com/arthur-debert/dodot/pkg/config/pack.go:29.2,29.25 1 4
github.com/arthur-debert/dodot/pkg/config/pack.go:29.25,31.3 1 2
github.com/arthur-debert/dodot/pkg/config/pack.go:33.2,37.20 2 4
github.com/arthur-debert/dodot/pkg/config/pack.go:41.35,43.16 2 3
github.com/arthur-debert/dodot/pkg/config/pack.go:43.16,45.3 1 1
github.com/arthur-debert/dodot/pkg/config/pack.go:46.2,46.22 1 2
github.com/arthur-debert/dodot/cmd/dodot/main.go:14.13,15.34 1 0
github.com/arthur-debert/dodot/cmd/dodot/main.go:15.34,17.3 1 0
github.com/arthur-debert/dodot/cmd/dodot/root.go:26.61,30.4 2 2
github.com/arthur-debert/dodot/cmd/dodot/root.go:41.22,43.2 1 0
github.com/arthur-debert/dodot/cmd/dodot/root.go:45.13,74.2 7 1
github.com/arthur-debert/dodot/cmd/dodot/root.go:80.47,84.3 3 0
github.com/arthur-debert/dodot/cmd/dodot/root.go:122.47,123.18 1 0
github.com/arthur-debert/dodot/cmd/dodot/root.go:124.15,125.74 1 0
github.com/arthur-debert/dodot/cmd/dodot/root.go:125.74,127.5 1 0
github.com/arthur-debert/dodot/cmd/dodot/root.go:128.14,129.73 1 0
github.com/arthur-debert/dodot/cmd/dodot/root.go:129.73,131.5 1 0
github.com/arthur-debert/dodot/cmd/dodot/root.go:132.15,133.80 1 0
github.com/arthur-debert/dodot/cmd/dodot/root.go:133.80,135.5 1 0
github.com/arthur-debert/dodot/cmd/dodot/root.go:136.21,137.88 1 0
github.com/arthur-debert/dodot/cmd/dodot/root.go:137.88,139.5 1 0
github.com/arthur-debert/dodot/cmd/dodot/root.go:148.54,154.3 2 0
github.com/arthur-debert/dodot/cmd/dodot/root.go:164.54,173.17 4 2
github.com/arthur-debert/dodot/cmd/dodot/root.go:173.17,175.4 1 1
github.com/arthur-debert/dodot/cmd/dodot/root.go:178.3,179.17 2 1
github.com/arthur-debert/dodot/cmd/dodot/root.go:179.17,181.4 1 0
github.com/arthur-debert/dodot/cmd/dodot/root.go:183.3,184.17 2 1
github.com/arthur-debert/dodot/cmd/dodot/root.go:184.17,186.4 1 0
github.com/arthur-debert/dodot/cmd/dodot/root.go:196.3,196.30 1 1
github.com/arthur-debert/dodot/cmd/dodot/root.go:196.30,201.4 1 2
github.com/arthur-debert/dodot/cmd/dodot/root.go:203.3,204.13 2 1
github.com/arthur-debert/dodot/cmd/dodot/root.go:208.40,210.16 2 2
github.com/arthur-debert/dodot/cmd/dodot/root.go:210.16,212.3 1 1
github.com/arthur-debert/dodot/cmd/dodot/root.go:213.2,213.18 1 1
github.com/arthur-debert/dodot/pkg/errors/errors.go:70.37,71.22 1 4
github.com/arthur-debert/dodot/pkg/errors/errors.go:71.22,73.3 1 2
github.com/arthur-debert/dodot/pkg/errors/errors.go:74.2,74.50 1 2
github.com/arthur-debert/dodot/pkg/errors/errors.go:78.37,80.2 1 4
github.com/arthur-debert/dodot/pkg/errors/errors.go:83.44,85.35 2 5
github.com/arthur-debert/dodot/pkg/errors/errors.go:85.35,87.3 1 3
github.com/arthur-debert/dodot/pkg/errors/errors.go:88.2,88.14 1 2
github.com/arthur-debert/dodot/pkg/errors/errors.go:92.54,98.2 1 11
github.com/arthur-debert/dodot/pkg/errors/errors.go:101.75,107.2 1 2
github.com/arthur-debert/dodot/pkg/errors/errors.go:110.66,111.16 1 7
github.com/arthur-debert/dodot/pkg/errors/errors.go:111.16,113.3 1 1
github.com/arthur-debert/dodot/pkg/errors/errors.go:114.2,119.3 1 6
github.com/arthur-debert/dodot/pkg/errors/errors.go:123.87,124.16 1 1
github.com/arthur-debert/dodot/pkg/errors/errors.go:124.16,126.3 1 0
github.com/arthur-debert/dodot/pkg/errors/errors.go:127.2,132.3 1 1
github.com/arthur-debert/dodot/pkg/errors/errors.go:136.76,137.22 1 10
github.com/arthur-debert/dodot/pkg/errors/errors.go:137.22,139.3 1 0
github.com/arthur-debert/dodot/pkg/errors/errors.go:140.2,141.10 2 10
github.com/arthur-debert/dodot/pkg/errors/errors.go:145.78,146.22 1 1
github.com/arthur-debert/dodot/pkg/errors/errors.go:146.22,148.3 1 0
github.com/arthur-debert/dodot/pkg/errors/errors.go:149.2,149.28 1 1
github.com/arthur-debert/dodot/pkg/errors/errors.go:149.28,151.3 1 3
github.com/arthur-debert/dodot/pkg/errors/errors.go:152.2,152.10 1 1
github.com/arthur-debert/dodot/pkg/errors/errors.go:156.50,158.31 2 8
github.com/arthur-debert/dodot/pkg/errors/errors.go:158.31,160.3 1 6
github.com/arthur-debert/dodot/pkg/errors/errors.go:161.2,161.14 1 2
github.com/arthur-debert/dodot/pkg/errors/errors.go:165.40,167.31 2 3
github.com/arthur-debert/dodot/pkg/errors/errors.go:167.31,169.3 1 1
github.com/arthur-debert/dodot/pkg/errors/errors.go:170.2,170.19 1 2
github.com/arthur-debert/dodot/pkg/errors/errors.go:174.56,176.31 2 3
github.com/arthur-debert/dodot/pkg/errors/errors.go:176.31,178.3 1 2
github.com/arthur-debert/dodot/pkg/errors/errors.go:179.2,179.12 1 1
github.com/arthur-debert/dodot/pkg/logging/logging.go:16.33,18.19 1 5
github.com/arthur-debert/dodot/pkg/logging/logging.go:19.9,20.44 1 1
github.com/arthur-debert/dodot/pkg/logging/logging.go:21.9,22.44 1 1
github.com/arthur-debert/dodot/pkg/logging/logging.go:23.9,24.45 1 1
github.com/arthur-debert/dodot/pkg/logging/logging.go:25.10,26.45 1 2
github.com/arthur-debert/dodot/pkg/logging/logging.go:30.2,43.16 6 5
github.com/arthur-debert/dodot/pkg/logging/logging.go:43.16,45.3 1 5
github.com/arthur-debert/dodot/pkg/logging/logging.go:48.2,52.16 3 5
github.com/arthur-debert/dodot/pkg/logging/logging.go:52.16,54.3 1 0
github.com/arthur-debert/dodot/pkg/logging/logging.go:57.2,57.20 1 5
github.com/arthur-debert/dodot/pkg/logging/logging.go:57.20,59.3 1 3
github.com/arthur-debert/dodot/pkg/logging/logging.go:62.2,62.91 1 5
github.com/arthur-debert/dodot/pkg/logging/logging.go:66.44,68.2 1 1
github.com/arthur-debert/dodot/pkg/logging/logging.go:71.63,73.27 2 1
github.com/arthur-debert/dodot/pkg/logging/logging.go:73.27,75.3 1 3
github.com/arthur-debert/dodot/pkg/logging/logging.go:76.2,76.15 1 1
github.com/arthur-debert/dodot/pkg/logging/logging.go:81.30,83.21 2 7
github.com/arthur-debert/dodot/pkg/logging/logging.go:83.21,85.17 2 1
github.com/arthur-debert/dodot/pkg/logging/logging.go:85.17,88.4 1 0
github.com/arthur-debert/dodot/pkg/logging/logging.go:89.3,89.53 1 1
github.com/arthur-debert/dodot/pkg/logging/logging.go:91.2,91.55 1 7
github.com/arthur-debert/dodot/pkg/logging/logging.go:95.53,98.50 2 5
github.com/arthur-debert/dodot/pkg/logging/logging.go:98.50,100.3 1 0
github.com/arthur-debert/dodot/pkg/logging/logging.go:103.2,104.16 2 5
github.com/arthur-debert/dodot/pkg/logging/logging.go:104.16,106.3 1 0
github.com/arthur-debert/dodot/pkg/logging/logging.go:108.2,108.18 1 5
github.com/arthur-debert/dodot/pkg/logging/logging.go:112.34,113.16 1 2
github.com/arthur-debert/dodot/pkg/logging/logging.go:113.16,115.3 1 1
github.com/arthur-debert/dodot/pkg/logging/logging.go:119.44,124.2 1 1
github.com/arthur-debert/dodot/pkg/logging/logging.go:127.53,132.2 1 1
github.com/arthur-debert/dodot/pkg/logging/logging.go:135.72,141.16 3 0
github.com/arthur-debert/dodot/pkg/logging/logging.go:141.16,146.3 1 0
github.com/arthur-debert/dodot/pkg/core/actions.go:15.71,19.23 3 10
github.com/arthur-debert/dodot/pkg/core/actions.go:19.23,21.3 1 0
github.com/arthur-debert/dodot/pkg/core/actions.go:25.2,33.45 4 10
github.com/arthur-debert/dodot/pkg/core/actions.go:33.45,40.17 3 19
github.com/arthur-debert/dodot/pkg/core/actions.go:40.17,46.4 2 0
github.com/arthur-debert/dodot/pkg/core/actions.go:48.3,48.46 1 19
github.com/arthur-debert/dodot/pkg/core/actions.go:51.2,52.24 2 10
github.com/arthur-debert/dodot/pkg/core/actions.go:56.78,57.23 1 21
github.com/arthur-debert/dodot/pkg/core/actions.go:57.23,59.3 1 0
github.com/arthur-debert/dodot/pkg/core/actions.go:62.2,73.16 5 21
github.com/arthur-debert/dodot/pkg/core/actions.go:73.16,77.3 2 0
github.com/arthur-debert/dodot/pkg/core/actions.go:80.2,81.20 2 21
github.com/arthur-debert/dodot/pkg/core/actions.go:81.20,83.3 1 0
github.com/arthur-debert/dodot/pkg/core/actions.go:86.2,87.16 2 21
github.com/arthur-debert/dodot/pkg/core/actions.go:87.16,90.3 1 0
github.com/arthur-debert/dodot/pkg/core/actions.go:93.2,93.57 1 21
github.com/arthur-debert/dodot/pkg/core/actions.go:93.57,96.3 1 0
github.com/arthur-debert/dodot/pkg/core/actions.go:99.2,100.16 2 21
github.com/arthur-debert/dodot/pkg/core/actions.go:100.16,103.3 1 0
github.com/arthur-debert/dodot/pkg/core/actions.go:105.2,109.21 2 21
github.com/arthur-debert/dodot/pkg/core/actions.go:114.81,117.32 2 10
github.com/arthur-debert/dodot/pkg/core/actions.go:117.32,121.3 2 19
github.com/arthur-debert/dodot/pkg/core/actions.go:124.2,124.31 1 10
github.com/arthur-debert/dodot/pkg/core/actions.go:124.31,125.41 1 19
github.com/arthur-debert/dodot/pkg/core/actions.go:125.41,127.46 1 0
github.com/arthur-debert/dodot/pkg/core/actions.go:127.46,129.5 1 0
github.com/arthur-debert/dodot/pkg/core/actions.go:131.4,131.40 1 0
github.com/arthur-debert/dodot/pkg/core/actions.go:135.2,135.15 1 10
github.com/arthur-debert/dodot/pkg/core/actions.go:139.54,148.2 2 19
github.com/arthur-debert/dodot/pkg/core/actions.go:152.57,153.23 1 19
github.com/arthur-debert/dodot/pkg/core/actions.go:153.23,155.3 1 18
github.com/arthur-debert/dodot/pkg/core/actions.go:158.2,159.25 2 1
github.com/arthur-debert/dodot/pkg/core/actions.go:159.25,161.3 1 1
github.com/arthur-debert/dodot/pkg/core/actions.go:162.2,166.25 3 1
github.com/arthur-debert/dodot/pkg/core/actions.go:166.25,168.3 1 1
github.com/arthur-debert/dodot/pkg/core/actions.go:170.2,170.33 1 1
github.com/arthur-debert/dodot/pkg/core/actions.go:175.69,178.2 1 1
github.com/arthur-debert/dodot/pkg/core/commands.go:68.71,73.16 4 3
github.com/arthur-debert/dodot/pkg/core/commands.go:73.16,75.3 1 1
github.com/arthur-debert/dodot/pkg/core/commands.go:77.2,78.16 2 2
github.com/arthur-debert/dodot/pkg/core/commands.go:78.16,80.3 1 0
github.com/arthur-debert/dodot/pkg/core/commands.go:82.2,86.26 2 2
github.com/arthur-debert/dodot/pkg/core/commands.go:86.26,91.3 1 3
github.com/arthur-debert/dodot/pkg/core/commands.go:93.2,94.20 2 2
github.com/arthur-debert/dodot/pkg/core/commands.go:99.75,111.16 5 1
github.com/arthur-debert/dodot/pkg/core/commands.go:111.16,113.3 1 0
github.com/arthur-debert/dodot/pkg/core/commands.go:115.2,116.20 2 1
github.com/arthur-debert/dodot/pkg/core/commands.go:121.77,134.16 5 4
github.com/arthur-debert/dodot/pkg/core/commands.go:134.16,136.3 1 0
github.com/arthur-debert/dodot/pkg/core/commands.go:139.2,146.16 3 4
github.com/arthur-debert/dodot/pkg/core/commands.go:146.16,148.3 1 0
github.com/arthur-debert/dodot/pkg/core/commands.go:151.2,158.26 3 4
github.com/arthur-debert/dodot/pkg/core/commands.go:171.82,174.16 2 9
github.com/arthur-debert/dodot/pkg/core/commands.go:174.16,176.3 1 0
github.com/arthur-debert/dodot/pkg/core/commands.go:177.2,178.16 2 9
github.com/arthur-debert/dodot/pkg/core/commands.go:178.16,180.3 1 0
github.com/arthur-debert/dodot/pkg/core/commands.go:183.2,184.16 2 9
github.com/arthur-debert/dodot/pkg/core/commands.go:184.16,186.3 1 0
github.com/arthur-debert/dodot/pkg/core/commands.go:189.2,190.16 2 9
github.com/arthur-debert/dodot/pkg/core/commands.go:190.16,192.3 1 0
github.com/arthur-debert/dodot/pkg/core/commands.go:195.2,196.16 2 9
github.com/arthur-debert/dodot/pkg/core/commands.go:196.16,198.3 1 0
github.com/arthur-debert/dodot/pkg/core/commands.go:201.2,202.16 2 9
github.com/arthur-debert/dodot/pkg/core/commands.go:202.16,204.3 1 0
github.com/arthur-debert/dodot/pkg/core/commands.go:207.2,207.39 1 9
github.com/arthur-debert/dodot/pkg/core/commands.go:207.39,209.17 2 4
github.com/arthur-debert/dodot/pkg/core/commands.go:209.17,211.4 1 0
github.com/arthur-debert/dodot/pkg/core/commands.go:215.2,216.16 2 9
github.com/arthur-debert/dodot/pkg/core/commands.go:216.16,218.3 1 0
github.com/arthur-debert/dodot/pkg/core/commands.go:221.2,227.20 2 9
github.com/arthur-debert/dodot/pkg/core/commands.go:232.97,234.33 2 9
github.com/arthur-debert/dodot/pkg/core/commands.go:234.33,238.17 2 18
github.com/arthur-debert/dodot/pkg/core/commands.go:238.17,241.4 1 0
github.com/arthur-debert/dodot/pkg/core/commands.go:242.3,243.17 2 18
github.com/arthur-debert/dodot/pkg/core/commands.go:243.17,245.4 1 0
github.com/arthur-debert/dodot/pkg/core/commands.go:247.3,247.32 1 18
github.com/arthur-debert/dodot/pkg/core/commands.go:247.32,249.4 1 9
github.com/arthur-debert/dodot/pkg/core/commands.go:251.2,251.22 1 9
github.com/arthur-debert/dodot/pkg/core/commands.go:255.76,261.16 4 5
github.com/arthur-debert/dodot/pkg/core/commands.go:261.16,263.3 1 0
github.com/arthur-debert/dodot/pkg/core/commands.go:264.2,265.16 2 5
github.com/arthur-debert/dodot/pkg/core/commands.go:265.16,267.3 1 0
github.com/arthur-debert/dodot/pkg/core/commands.go:270.2,271.16 2 5
github.com/arthur-debert/dodot/pkg/core/commands.go:271.16,273.3 1 1
github.com/arthur-debert/dodot/pkg/core/commands.go:276.2,280.37 2 4
github.com/arthur-debert/dodot/pkg/core/commands.go:280.37,288.41 3 5
github.com/arthur-debert/dodot/pkg/core/commands.go:288.41,291.30 3 3
github.com/arthur-debert/dodot/pkg/core/commands.go:291.30,294.30 3 1
github.com/arthur-debert/dodot/pkg/core/commands.go:294.30,297.6 2 0
github.com/arthur-debert/dodot/pkg/core/commands.go:299.4,303.6 1 3
github.com/arthur-debert/dodot/pkg/core/commands.go:306.3,307.42 2 5
github.com/arthur-debert/dodot/pkg/core/commands.go:307.42,310.31 3 1
github.com/arthur-debert/dodot/pkg/core/commands.go:310.31,313.31 3 0
github.com/arthur-debert/dodot/pkg/core/commands.go:313.31,316.6 2 0
github.com/arthur-debert/dodot/pkg/core/commands.go:318.4,322.6 1 1
github.com/arthur-debert/dodot/pkg/core/commands.go:328.3,334.50 2 5
github.com/arthur-debert/dodot/pkg/core/commands.go:337.2,338.20 2 4
github.com/arthur-debert/dodot/pkg/core/commands.go:342.64,348.16 4 4
github.com/arthur-debert/dodot/pkg/core/commands.go:348.16,350.3 1 0
github.com/arthur-debert/dodot/pkg/core/commands.go:351.2,352.16 2 4
github.com/arthur-debert/dodot/pkg/core/commands.go:352.16,354.3 1 0
github.com/arthur-debert/dodot/pkg/core/commands.go:357.2,358.26 2 4
github.com/arthur-debert/dodot/pkg/core/commands.go:358.26,359.40 1 3
github.com/arthur-debert/dodot/pkg/core/commands.go:359.40,361.9 2 3
github.com/arthur-debert/dodot/pkg/core/commands.go:364.2,364.23 1 4
github.com/arthur-debert/dodot/pkg/core/commands.go:364.23,366.3 1 1
github.com/arthur-debert/dodot/pkg/core/commands.go:369.2,426.33 3 3
github.com/arthur-debert/dodot/pkg/core/commands.go:426.33,430.46 2 12
github.com/arthur-debert/dodot/pkg/core/commands.go:430.46,432.12 2 1
github.com/arthur-debert/dodot/pkg/core/commands.go:436.3,437.17 2 11
github.com/arthur-debert/dodot/pkg/core/commands.go:437.17,439.4 1 0
github.com/arthur-debert/dodot/pkg/core/commands.go:442.3,442.46 1 11
github.com/arthur-debert/dodot/pkg/core/commands.go:442.46,444.18 2 8
github.com/arthur-debert/dodot/pkg/core/commands.go:444.18,446.5 1 0
github.com/arthur-debert/dodot/pkg/core/commands.go:449.3,450.69 2 11
github.com/arthur-debert/dodot/pkg/core/commands.go:453.2,457.20 2 3
github.com/arthur-debert/dodot/pkg/core/commands.go:461.64,466.25 3 3
github.com/arthur-debert/dodot/pkg/core/commands.go:466.25,468.3 1 0
github.com/arthur-debert/dodot/pkg/core/commands.go:471.2,471.55 1 3
github.com/arthur-debert/dodot/pkg/core/commands.go:471.55,473.3 1 1
github.com/arthur-debert/dodot/pkg/core/commands.go:476.2,479.45 2 2
github.com/arthur-debert/dodot/pkg/core/commands.go:479.45,481.3 1 1
github.com/arthur-debert/dodot/pkg/core/commands.go:484.2,485.16 2 1
github.com/arthur-debert/dodot/pkg/core/commands.go:485.16,487.3 1 0
github.com/arthur-debert/dodot/pkg/core/commands.go:489.2,515.16 5 1
github.com/arthur-debert/dodot/pkg/core/commands.go:515.16,517.3 1 0
github.com/arthur-debert/dodot/pkg/core/commands.go:518.2,545.16 5 1
github.com/arthur-debert/dodot/pkg/core/commands.go:545.16,547.3 1 0
github.com/arthur-debert/dodot/pkg/core/commands.go:548.2,553.16 4 1
github.com/arthur-debert/dodot/pkg/core/commands.go:553.16,555.3 1 0
github.com/arthur-debert/dodot/pkg/core/commands.go:558.2,565.20 3 1
github.com/arthur-debert/dodot/pkg/core/operations.go:16.75,20.23 3 19
github.com/arthur-debert/dodot/pkg/core/operations.go:20.23,22.3 1 3
github.com/arthur-debert/dodot/pkg/core/operations.go:25.2,27.48 3 16
github.com/arthur-debert/dodot/pkg/core/operations.go:27.48,29.61 1 9
github.com/arthur-debert/dodot/pkg/core/operations.go:29.61,31.4 1 5
github.com/arthur-debert/dodot/pkg/core/operations.go:33.3,33.53 1 4
github.com/arthur-debert/dodot/pkg/core/operations.go:33.53,35.4 1 4
github.com/arthur-debert/dodot/pkg/core/operations.go:37.3,37.59 1 0
github.com/arthur-debert/dodot/pkg/core/operations.go:40.2,43.39 2 16
github.com/arthur-debert/dodot/pkg/core/operations.go:43.39,45.17 2 23
github.com/arthur-debert/dodot/pkg/core/operations.go:45.17,52.4 2 1
github.com/arthur-debert/dodot/pkg/core/operations.go:53.3,53.48 1 22
github.com/arthur-debert/dodot/pkg/core/operations.go:57.2,57.64 1 15
github.com/arthur-debert/dodot/pkg/core/operations.go:57.64,59.3 1 1
github.com/arthur-debert/dodot/pkg/core/operations.go:61.2,62.27 2 14
github.com/arthur-debert/dodot/pkg/core/operations.go:66.68,74.21 3 54
github.com/arthur-debert/dodot/pkg/core/operations.go:75.28,76.35 1 16
github.com/arthur-debert/dodot/pkg/core/operations.go:77.28,78.35 1 3
github.com/arthur-debert/dodot/pkg/core/operations.go:79.29,80.36 1 4
github.com/arthur-debert/dodot/pkg/core/operations.go:81.30,82.37 1 2
github.com/arthur-debert/dodot/pkg/core/operations.go:83.29,84.36 1 3
github.com/arthur-debert/dodot/pkg/core/operations.go:85.35,86.42 1 4
github.com/arthur-debert/dodot/pkg/core/operations.go:87.31,88.38 1 4
github.com/arthur-debert/dodot/pkg/core/operations.go:89.27,93.18 2 2
github.com/arthur-debert/dodot/pkg/core/operations.go:94.28,95.35 1 6
github.com/arthur-debert/dodot/pkg/core/operations.go:96.31,97.38 1 9
github.com/arthur-debert/dodot/pkg/core/operations.go:98.10,99.91 1 1
github.com/arthur-debert/dodot/pkg/core/operations.go:104.72,105.48 1 16
github.com/arthur-debert/dodot/pkg/core/operations.go:105.48,107.3 1 3
github.com/arthur-debert/dodot/pkg/core/operations.go:110.2,137.42 6 13
github.com/arthur-debert/dodot/pkg/core/operations.go:137.42,143.3 1 13
github.com/arthur-debert/dodot/pkg/core/operations.go:145.2,145.17 1 13
github.com/arthur-debert/dodot/pkg/core/operations.go:149.72,150.48 1 3
github.com/arthur-debert/dodot/pkg/core/operations.go:150.48,152.3 1 1
github.com/arthur-debert/dodot/pkg/core/operations.go:154.2,168.42 5 2
github.com/arthur-debert/dodot/pkg/core/operations.go:168.42,174.3 1 2
github.com/arthur-debert/dodot/pkg/core/operations.go:176.2,176.17 1 2
github.com/arthur-debert/dodot/pkg/core/operations.go:180.73,181.25 1 4
github.com/arthur-debert/dodot/pkg/core/operations.go:181.25,183.3 1 1
github.com/arthur-debert/dodot/pkg/core/operations.go:185.2,189.22 3 3
github.com/arthur-debert/dodot/pkg/core/operations.go:189.22,192.3 2 1
github.com/arthur-debert/dodot/pkg/core/operations.go:194.2,206.42 3 3
github.com/arthur-debert/dodot/pkg/core/operations.go:206.42,212.3 1 3
github.com/arthur-debert/dodot/pkg/core/operations.go:214.2,214.17 1 3
github.com/arthur-debert/dodot/pkg/core/operations.go:218.74,219.25 1 2
github.com/arthur-debert/dodot/pkg/core/operations.go:219.25,221.3 1 1
github.com/arthur-debert/dodot/pkg/core/operations.go:226.2,237.17 3 1
github.com/arthur-debert/dodot/pkg/core/operations.go:241.73,242.25 1 3
github.com/arthur-debert/dodot/pkg/core/operations.go:242.25,244.3 1 1
github.com/arthur-debert/dodot/pkg/core/operations.go:246.2,249.22 3 2
github.com/arthur-debert/dodot/pkg/core/operations.go:249.22,252.3 2 1
github.com/arthur-debert/dodot/pkg/core/operations.go:254.2,263.17 2 2
github.com/arthur-debert/dodot/pkg/core/operations.go:267.79,268.25 1 4
github.com/arthur-debert/dodot/pkg/core/operations.go:268.25,270.3 1 1
github.com/arthur-debert/dodot/pkg/core/operations.go:273.2,275.23 3 3
github.com/arthur-debert/dodot/pkg/core/operations.go:275.23,277.3 1 1
github.com/arthur-debert/dodot/pkg/core/operations.go:278.2,296.17 4 3
github.com/arthur-debert/dodot/pkg/core/operations.go:300.75,301.25 1 4
github.com/arthur-debert/dodot/pkg/core/operations.go:301.25,303.3 1 1
github.com/arthur-debert/dodot/pkg/core/operations.go:306.2,308.24 3 3
github.com/arthur-debert/dodot/pkg/core/operations.go:308.24,310.3 1 1
github.com/arthur-debert/dodot/pkg/core/operations.go:311.2,329.17 4 3
github.com/arthur-debert/dodot/pkg/core/operations.go:333.37,335.16 2 48
github.com/arthur-debert/dodot/pkg/core/operations.go:335.16,339.3 1 0
github.com/arthur-debert/dodot/pkg/core/operations.go:340.2,340.17 1 48
github.com/arthur-debert/dodot/pkg/core/operations.go:344.72,345.25 1 6
github.com/arthur-debert/dodot/pkg/core/operations.go:345.25,347.3 1 1
github.com/arthur-debert/dodot/pkg/core/operations.go:350.2,351.27 2 5
github.com/arthur-debert/dodot/pkg/core/operations.go:351.27,353.3 1 1
github.com/arthur-debert/dodot/pkg/core/operations.go:355.2,356.23 2 4
github.com/arthur-debert/dodot/pkg/core/operations.go:356.23,358.3 1 1
github.com/arthur-debert/dodot/pkg/core/operations.go:361.2,380.17 3 3
github.com/arthur-debert/dodot/pkg/core/operations.go:384.75,385.25 1 9
github.com/arthur-debert/dodot/pkg/core/operations.go:385.25,387.3 1 1
github.com/arthur-debert/dodot/pkg/core/operations.go:390.2,391.27 2 8
github.com/arthur-debert/dodot/pkg/core/operations.go:391.27,393.3 1 1
github.com/arthur-debert/dodot/pkg/core/operations.go:395.2,396.23 2 7
github.com/arthur-debert/dodot/pkg/core/operations.go:396.23,398.3 1 1
github.com/arthur-debert/dodot/pkg/core/operations.go:401.2,420.17 3 6
github.com/arthur-debert/dodot/pkg/core/operations.go:424.34,426.2 1 13
github.com/arthur-debert/dodot/pkg/core/operations.go:429.67,436.32 3 23
github.com/arthur-debert/dodot/pkg/core/operations.go:436.32,438.22 1 69
github.com/arthur-debert/dodot/pkg/core/operations.go:438.22,439.12 1 1
github.com/arthur-debert/dodot/pkg/core/operations.go:443.3,446.52 2 68
github.com/arthur-debert/dodot/pkg/core/operations.go:450.2,451.37 2 23
github.com/arthur-debert/dodot/pkg/core/operations.go:451.37,452.20 1 58
github.com/arthur-debert/dodot/pkg/core/operations.go:452.20,453.12 1 49
github.com/arthur-debert/dodot/pkg/core/operations.go:458.3,458.36 1 9
github.com/arthur-debert/dodot/pkg/core/operations.go:458.36,461.27 2 6
github.com/arthur-debert/dodot/pkg/core/operations.go:461.27,463.5 1 12
github.com/arthur-debert/dodot/pkg/core/operations.go:465.4,473.39 3 6
github.com/arthur-debert/dodot/pkg/core/operations.go:477.2,477.24 1 23
github.com/arthur-debert/dodot/pkg/core/operations.go:477.24,481.3 1 6
github.com/arthur-debert/dodot/pkg/core/operations.go:483.2,483.12 1 17
github.com/arthur-debert/dodot/pkg/core/operations.go:487.58,489.19 1 14
github.com/arthur-debert/dodot/pkg/core/operations.go:489.19,491.3 1 1
github.com/arthur-debert/dodot/pkg/core/operations.go:494.2,495.25 2 13
github.com/arthur-debert/dodot/pkg/core/operations.go:495.25,496.42 1 20
github.com/arthur-debert/dodot/pkg/core/operations.go:496.42,498.9 2 9
github.com/arthur-debert/dodot/pkg/core/operations.go:501.2,501.19 1 13
github.com/arthur-debert/dodot/pkg/core/operations.go:501.19,503.3 1 4
github.com/arthur-debert/dodot/pkg/core/operations.go:512.2,512.14 1 9
github.com/arthur-debert/dodot/pkg/core/packs.go:29.63,35.16 4 33
github.com/arthur-debert/dodot/pkg/core/packs.go:35.16,36.25 1 3
github.com/arthur-debert/dodot/pkg/core/packs.go:36.25,39.4 1 3
github.com/arthur-debert/dodot/pkg/core/packs.go:40.3,41.36 1 0
github.com/arthur-debert/dodot/pkg/core/packs.go:44.2,44.19 1 30
github.com/arthur-debert/dodot/pkg/core/packs.go:44.19,47.3 1 1
github.com/arthur-debert/dodot/pkg/core/packs.go:50.2,51.16 2 29
github.com/arthur-debert/dodot/pkg/core/packs.go:51.16,54.3 1 0
github.com/arthur-debert/dodot/pkg/core/packs.go:56.2,57.32 2 29
github.com/arthur-debert/dodot/pkg/core/packs.go:57.32,61.56 2 49
github.com/arthur-debert/dodot/pkg/core/packs.go:61.56,63.12 2 6
github.com/arthur-debert/dodot/pkg/core/packs.go:67.3,67.25 1 43
github.com/arthur-debert/dodot/pkg/core/packs.go:67.25,69.12 2 1
github.com/arthur-debert/dodot/pkg/core/packs.go:73.3,73.20 1 42
github.com/arthur-debert/dodot/pkg/core/packs.go:73.20,77.4 3 41
github.com/arthur-debert/dodot/pkg/core/packs.go:81.2,84.24 3 29
github.com/arthur-debert/dodot/pkg/core/packs.go:88.58,94.43 4 30
github.com/arthur-debert/dodot/pkg/core/packs.go:94.43,96.17 2 45
github.com/arthur-debert/dodot/pkg/core/packs.go:96.17,102.12 2 3
github.com/arthur-debert/dodot/pkg/core/packs.go:106.3,106.34 1 42
github.com/arthur-debert/dodot/pkg/core/packs.go:106.34,110.12 2 1
github.com/arthur-debert/dodot/pkg/core/packs.go:114.3,118.22 2 41
github.com/arthur-debert/dodot/pkg/core/packs.go:122.2,122.40 1 30
github.com/arthur-debert/dodot/pkg/core/packs.go:122.40,124.3 1 16
github.com/arthur-debert/dodot/pkg/core/packs.go:126.2,127.19 2 30
github.com/arthur-debert/dodot/pkg/core/packs.go:131.52,136.16 3 45
github.com/arthur-debert/dodot/pkg/core/packs.go:136.16,139.3 1 2
github.com/arthur-debert/dodot/pkg/core/packs.go:141.2,141.19 1 43
github.com/arthur-debert/dodot/pkg/core/packs.go:141.19,144.3 1 0
github.com/arthur-debert/dodot/pkg/core/packs.go:147.2,158.35 4 43
github.com/arthur-debert/dodot/pkg/core/packs.go:158.35,160.17 2 16
github.com/arthur-debert/dodot/pkg/core/packs.go:160.17,164.4 1 1
github.com/arthur-debert/dodot/pkg/core/packs.go:165.3,165.27 1 15
github.com/arthur-debert/dodot/pkg/core/packs.go:168.2,173.18 2 42
github.com/arthur-debert/dodot/pkg/core/packs.go:177.66,179.2 1 21
github.com/arthur-debert/dodot/pkg/core/packs.go:182.37,183.48 1 75
github.com/arthur-debert/dodot/pkg/core/packs.go:183.48,185.59 1 573
github.com/arthur-debert/dodot/pkg/core/packs.go:185.59,187.4 1 8
github.com/arthur-debert/dodot/pkg/core/packs.go:189.2,189.14 1 67
github.com/arthur-debert/dodot/pkg/core/packs.go:193.45,195.51 2 42
github.com/arthur-debert/dodot/pkg/core/packs.go:195.51,197.3 1 1
github.com/arthur-debert/dodot/pkg/core/packs.go:198.2,198.14 1 41
github.com/arthur-debert/dodot/pkg/core/packs.go:202.42,207.16 3 6
github.com/arthur-debert/dodot/pkg/core/packs.go:207.16,208.25 1 1
github.com/arthur-debert/dodot/pkg/core/packs.go:208.25,211.4 1 1
github.com/arthur-debert/dodot/pkg/core/packs.go:212.3,213.32 1 0
github.com/arthur-debert/dodot/pkg/core/packs.go:217.2,217.19 1 5
github.com/arthur-debert/dodot/pkg/core/packs.go:217.19,220.3 1 1
github.com/arthur-debert/dodot/pkg/core/packs.go:223.2,224.35 2 4
github.com/arthur-debert/dodot/pkg/core/packs.go:224.35,226.17 2 2
github.com/arthur-debert/dodot/pkg/core/packs.go:226.17,231.4 1 1
github.com/arthur-debert/dodot/pkg/core/packs.go:235.2,236.16 2 3
github.com/arthur-debert/dodot/pkg/core/packs.go:236.16,239.3 1 0
github.com/arthur-debert/dodot/pkg/core/packs.go:242.2,242.23 1 3
github.com/arthur-debert/dodot/pkg/core/packs.go:242.23,245.3 1 1
github.com/arthur-debert/dodot/pkg/core/packs.go:247.2,248.12 2 2
github.com/arthur-debert/dodot/pkg/core/packs.go:252.87,255.29 2 20
github.com/arthur-debert/dodot/pkg/core/packs.go:255.29,258.3 1 2
github.com/arthur-debert/dodot/pkg/core/packs.go:261.2,262.32 2 18
github.com/arthur-debert/dodot/pkg/core/packs.go:262.32,264.3 1 29
github.com/arthur-debert/dodot/pkg/core/packs.go:266.2,269.37 3 18
github.com/arthur-debert/dodot/pkg/core/packs.go:269.37,270.44 1 25
github.com/arthur-debert/dodot/pkg/core/packs.go:270.44,273.4 2 20
github.com/arthur-debert/dodot/pkg/core/packs.go:273.9,275.4 1 5
github.com/arthur-debert/dodot/pkg/core/packs.go:278.2,278.23 1 18
github.com/arthur-debert/dodot/pkg/core/packs.go:278.23,282.3 1 4
github.com/arthur-debert/dodot/pkg/core/packs.go:285.2,285.43 1 14
github.com/arthur-debert/dodot/pkg/core/packs.go:285.43,287.3 1 4
github.com/arthur-debert/dodot/pkg/core/packs.go:289.2,294.22 2 14
github.com/arthur-debert/dodot/pkg/core/packs.go:298.48,300.29 2 14
github.com/arthur-debert/dodot/pkg/core/packs.go:300.29,302.3 1 21
github.com/arthur-debert/dodot/pkg/core/packs.go:303.2,303.14 1 14
github.com/arthur-debert/dodot/pkg/core/runonce.go:19.73,23.11 2 38
github.com/arthur-debert/dodot/pkg/core/runonce.go:23.11,29.3 2 9
github.com/arthur-debert/dodot/pkg/core/runonce.go:32.2,32.21 1 29
github.com/arthur-debert/dodot/pkg/core/runonce.go:33.53,33.53 0 27
github.com/arthur-debert/dodot/pkg/core/runonce.go:35.10,37.19 1 2
github.com/arthur-debert/dodot/pkg/core/runonce.go:41.2,42.27 2 27
github.com/arthur-debert/dodot/pkg/core/runonce.go:42.27,48.3 2 1
github.com/arthur-debert/dodot/pkg/core/runonce.go:51.2,52.23 2 26
github.com/arthur-debert/dodot/pkg/core/runonce.go:52.23,57.3 2 1
github.com/arthur-debert/dodot/pkg/core/runonce.go:60.2,61.21 2 25
github.com/arthur-debert/dodot/pkg/core/runonce.go:62.28,63.61 1 15
github.com/arthur-debert/dodot/pkg/core/runonce.go:64.31,65.60 1 10
github.com/arthur-debert/dodot/pkg/core/runonce.go:69.2,70.16 2 25
github.com/arthur-debert/dodot/pkg/core/runonce.go:70.16,71.25 1 11
github.com/arthur-debert/dodot/pkg/core/runonce.go:71.25,77.4 2 11
github.com/arthur-debert/dodot/pkg/core/runonce.go:78.3,79.54 1 0
github.com/arthur-debert/dodot/pkg/core/runonce.go:83.2,83.30 1 14
github.com/arthur-debert/dodot/pkg/core/runonce.go:83.30,88.3 2 1
github.com/arthur-debert/dodot/pkg/core/runonce.go:91.2,92.16 2 13
github.com/arthur-debert/dodot/pkg/core/runonce.go:92.16,95.3 1 0
github.com/arthur-debert/dodot/pkg/core/runonce.go:98.2,98.42 1 13
github.com/arthur-debert/dodot/pkg/core/runonce.go:98.42,105.3 2 9
github.com/arthur-debert/dodot/pkg/core/runonce.go:107.2,113.18 2 4
github.com/arthur-debert/dodot/pkg/core/runonce.go:119.87,126.23 3 14
github.com/arthur-debert/dodot/pkg/core/runonce.go:126.23,128.3 1 2
github.com/arthur-debert/dodot/pkg/core/runonce.go:130.2,132.33 2 12
github.com/arthur-debert/dodot/pkg/core/runonce.go:132.33,134.17 2 28
github.com/arthur-debert/dodot/pkg/core/runonce.go:134.17,136.4 1 0
github.com/arthur-debert/dodot/pkg/core/runonce.go:138.3,138.16 1 28
github.com/arthur-debert/dodot/pkg/core/runonce.go:138.16,140.4 1 21
github.com/arthur-debert/dodot/pkg/core/runonce.go:140.9,146.4 1 7
github.com/arthur-debert/dodot/pkg/core/runonce.go:149.2,155.22 2 12
github.com/arthur-debert/dodot/pkg/core/runonce.go:160.67,161.25 1 5
github.com/arthur-debert/dodot/pkg/core/runonce.go:161.25,163.3 1 1
github.com/arthur-debert/dodot/pkg/core/runonce.go:166.2,166.21 1 4
github.com/arthur-debert/dodot/pkg/core/runonce.go:167.53,168.55 1 3
github.com/arthur-debert/dodot/pkg/core/runonce.go:169.10,170.95 1 1
github.com/arthur-debert/dodot/pkg/core/runonce.go:183.77,190.21 4 10
github.com/arthur-debert/dodot/pkg/core/runonce.go:191.17,193.78 2 5
github.com/arthur-debert/dodot/pkg/core/runonce.go:194.18,196.79 2 5
github.com/arthur-debert/dodot/pkg/core/runonce.go:197.10,198.71 1 0
github.com/arthur-debert/dodot/pkg/core/runonce.go:202.2,203.47 2 10
github.com/arthur-debert/dodot/pkg/core/runonce.go:203.47,204.25 1 6
github.com/arthur-debert/dodot/pkg/core/runonce.go:204.25,207.4 1 6
github.com/arthur-debert/dodot/pkg/core/runonce.go:208.3,208.85 1 0
github.com/arthur-debert/dodot/pkg/core/runonce.go:212.2,213.16 2 4
github.com/arthur-debert/dodot/pkg/core/runonce.go:213.16,215.3 1 0
github.com/arthur-debert/dodot/pkg/core/runonce.go:218.2,220.16 3 4
github.com/arthur-debert/dodot/pkg/core/runonce.go:220.16,221.25 1 3
github.com/arthur-debert/dodot/pkg/core/runonce.go:221.25,227.4 1 3
github.com/arthur-debert/dodot/pkg/core/runonce.go:228.3,228.86 1 0
github.com/arthur-debert/dodot/pkg/core/runonce.go:232.2,237.16 4 1
github.com/arthur-debert/dodot/pkg/core/runonce.go:237.16,239.3 1 1
github.com/arthur-debert/dodot/pkg/core/runonce.go:242.2,256.8 3 1
github.com/arthur-debert/dodot/pkg/core/triggers.go:15.74,22.29 4 10
github.com/arthur-debert/dodot/pkg/core/triggers.go:22.29,24.17 2 12
github.com/arthur-debert/dodot/pkg/core/triggers.go:24.17,30.4 2 0
github.com/arthur-debert/dodot/pkg/core/triggers.go:31.3,31.46 1 12
github.com/arthur-debert/dodot/pkg/core/triggers.go:34.2,35.24 2 10
github.com/arthur-debert/dodot/pkg/core/triggers.go:39.73,48.28 4 12
github.com/arthur-debert/dodot/pkg/core/triggers.go:48.28,51.3 2 0
github.com/arthur-debert/dodot/pkg/core/triggers.go:54.2,55.31 2 12
github.com/arthur-debert/dodot/pkg/core/triggers.go:55.31,58.3 2 0
github.com/arthur-debert/dodot/pkg/core/triggers.go:61.2,66.87 3 12
github.com/arthur-debert/dodot/pkg/core/triggers.go:66.87,67.17 1 45
github.com/arthur-debert/dodot/pkg/core/triggers.go:67.17,69.4 1 0
github.com/arthur-debert/dodot/pkg/core/triggers.go:72.3,72.24 1 45
github.com/arthur-debert/dodot/pkg/core/triggers.go:72.24,74.4 1 12
github.com/arthur-debert/dodot/pkg/core/triggers.go:77.3,77.43 1 33
github.com/arthur-debert/dodot/pkg/core/triggers.go:77.43,79.4 1 10
github.com/arthur-debert/dodot/pkg/core/triggers.go:82.3,82.40 1 23
github.com/arthur-debert/dodot/pkg/core/triggers.go:82.40,83.17 1 0
github.com/arthur-debert/dodot/pkg/core/triggers.go:83.17,85.5 1 0
github.com/arthur-debert/dodot/pkg/core/triggers.go:86.4,86.14 1 0
github.com/arthur-debert/dodot/pkg/core/triggers.go:90.3,91.17 2 23
github.com/arthur-debert/dodot/pkg/core/triggers.go:91.17,97.4 2 0
github.com/arthur-debert/dodot/pkg/core/triggers.go:100.3,101.17 2 23
github.com/arthur-debert/dodot/pkg/core/triggers.go:101.17,107.4 2 0
github.com/arthur-debert/dodot/pkg/core/triggers.go:110.3,111.29 2 23
github.com/arthur-debert/dodot/pkg/core/triggers.go:111.29,116.4 2 1
github.com/arthur-debert/dodot/pkg/core/triggers.go:119.3,119.23 1 22
github.com/arthur-debert/dodot/pkg/core/triggers.go:119.23,132.4 3 19
github.com/arthur-debert/dodot/pkg/core/triggers.go:135.3,135.43 1 3
github.com/arthur-debert/dodot/pkg/core/triggers.go:135.43,137.18 2 23
github.com/arthur-debert/dodot/pkg/core/triggers.go:137.18,143.13 2 0
github.com/arthur-debert/dodot/pkg/core/triggers.go:145.4,145.20 1 23
github.com/arthur-debert/dodot/pkg/core/triggers.go:145.20,148.10 2 2
github.com/arthur-debert/dodot/pkg/core/triggers.go:152.3,152.13 1 3
github.com/arthur-debert/dodot/pkg/core/triggers.go:155.2,155.16 1 12
github.com/arthur-debert/dodot/pkg/core/triggers.go:155.16,157.3 1 0
github.com/arthur-debert/dodot/pkg/core/triggers.go:159.2,163.21 2 12
github.com/arthur-debert/dodot/pkg/core/triggers.go:167.55,171.2 1 12
github.com/arthur-debert/dodot/pkg/core/triggers.go:174.130,179.16 3 23
github.com/arthur-debert/dodot/pkg/core/triggers.go:179.16,181.3 1 0
github.com/arthur-debert/dodot/pkg/core/triggers.go:184.2,185.16 2 23
github.com/arthur-debert/dodot/pkg/core/triggers.go:185.16,187.3 1 0
github.com/arthur-debert/dodot/pkg/core/triggers.go:190.2,191.14 2 23
github.com/arthur-debert/dodot/pkg/core/triggers.go:191.14,193.3 1 21
github.com/arthur-debert/dodot/pkg/core/triggers.go:195.2,214.33 3 2
github.com/arthur-debert/dodot/pkg/core/triggers.go:214.33,216.3 1 2
github.com/arthur-debert/dodot/pkg/core/triggers.go:219.2,219.43 1 2
github.com/arthur-debert/dodot/pkg/core/triggers.go:219.43,221.3 1 0
github.com/arthur-debert/dodot/pkg/core/triggers.go:223.2,223.19 1 2
github.com/arthur-debert/dodot/pkg/matchers/matchers.go:16.65,18.2 1 0
github.com/arthur-debert/dodot/pkg/matchers/matchers.go:21.40,179.42 2 1
github.com/arthur-debert/dodot/pkg/matchers/matchers.go:179.42,181.3 1 0
github.com/arthur-debert/dodot/pkg/matchers/matchers.go:183.2,183.17 1 1
github.com/arthur-debert/dodot/pkg/matchers/matchers.go:187.73,200.27 2 9
github.com/arthur-debert/dodot/pkg/matchers/matchers.go:200.27,202.3 1 1
github.com/arthur-debert/dodot/pkg/matchers/matchers.go:205.2,205.59 1 9
github.com/arthur-debert/dodot/pkg/matchers/matchers.go:205.59,208.3 2 1
github.com/arthur-debert/dodot/pkg/matchers/matchers.go:210.2,210.58 1 9
github.com/arthur-debert/dodot/pkg/matchers/matchers.go:210.58,213.3 2 1
github.com/arthur-debert/dodot/pkg/matchers/matchers.go:216.2,216.49 1 9
github.com/arthur-debert/dodot/pkg/matchers/matchers.go:216.49,218.3 1 4
github.com/arthur-debert/dodot/pkg/matchers/matchers.go:220.2,220.21 1 5
github.com/arthur-debert/dodot/pkg/matchers/matchers.go:224.52,225.31 1 14
github.com/arthur-debert/dodot/pkg/matchers/matchers.go:225.31,227.3 1 2
github.com/arthur-debert/dodot/pkg/matchers/matchers.go:229.2,229.31 1 12
github.com/arthur-debert/dodot/pkg/matchers/matchers.go:229.31,231.3 1 2
github.com/arthur-debert/dodot/pkg/matchers/matchers.go:234.2,235.16 2 10
github.com/arthur-debert/dodot/pkg/matchers/matchers.go:235.16,237.3 1 2
github.com/arthur-debert/dodot/pkg/matchers/matchers.go:240.2,241.16 2 8
github.com/arthur-debert/dodot/pkg/matchers/matchers.go:241.16,243.3 1 2
github.com/arthur-debert/dodot/pkg/matchers/matchers.go:245.2,245.12 1 6
github.com/arthur-debert/dodot/pkg/matchers/matchers.go:249.55,250.43 1 2
github.com/arthur-debert/dodot/pkg/matchers/matchers.go:250.43,252.51 1 15
github.com/arthur-debert/dodot/pkg/matchers/matchers.go:252.51,254.4 1 13
github.com/arthur-debert/dodot/pkg/matchers/matchers.go:256.3,256.45 1 2
github.com/arthur-debert/dodot/pkg/matchers/matchers.go:261.70,265.29 3 1
github.com/arthur-debert/dodot/pkg/matchers/matchers.go:265.29,266.16 1 5
github.com/arthur-debert/dodot/pkg/matchers/matchers.go:266.16,268.4 1 3
github.com/arthur-debert/dodot/pkg/matchers/matchers.go:268.9,274.4 1 2
github.com/arthur-debert/dodot/pkg/matchers/matchers.go:277.2,277.16 1 1
github.com/arthur-debert/dodot/pkg/matchers/matchers.go:281.68,288.34 3 1
github.com/arthur-debert/dodot/pkg/matchers/matchers.go:288.34,289.31 1 3
github.com/arthur-debert/dodot/pkg/matchers/matchers.go:289.31,291.17 2 6
github.com/arthur-debert/dodot/pkg/matchers/matchers.go:291.17,294.5 1 1
github.com/arthur-debert/dodot/pkg/matchers/matchers.go:296.4,296.44 1 6
github.com/arthur-debert/dodot/pkg/matchers/matchers.go:296.44,302.5 1 1
github.com/arthur-debert/dodot/pkg/matchers/matchers.go:304.4,304.29 1 6
github.com/arthur-debert/dodot/pkg/matchers/matchers.go:309.2,310.37 2 1
github.com/arthur-debert/dodot/pkg/matchers/matchers.go:310.37,312.3 1 5
github.com/arthur-debert/dodot/pkg/matchers/matchers.go:315.2,317.15 2 1
github.com/arthur-debert/dodot/pkg/testutil/assertions.go:12.89,15.42 2 4
github.com/arthur-debert/dodot/pkg/testutil/assertions.go:15.42,18.3 2 0
github.com/arthur-debert/dodot/pkg/testutil/assertions.go:22.92,25.41 2 2
github.com/arthur-debert/dodot/pkg/testutil/assertions.go:25.41,28.3 2 0
github.com/arthur-debert/dodot/pkg/testutil/assertions.go:32.76,35.19 2 3
github.com/arthur-debert/dodot/pkg/testutil/assertions.go:35.19,38.3 2 0
github.com/arthur-debert/dodot/pkg/testutil/assertions.go:42.79,45.18 2 3
github.com/arthur-debert/dodot/pkg/testutil/assertions.go:45.18,48.3 2 0
github.com/arthur-debert/dodot/pkg/testutil/assertions.go:52.70,55.12 2 2
github.com/arthur-debert/dodot/pkg/testutil/assertions.go:55.12,58.3 2 0
github.com/arthur-debert/dodot/pkg/testutil/assertions.go:62.71,65.11 2 2
github.com/arthur-debert/dodot/pkg/testutil/assertions.go:65.11,68.3 2 0
github.com/arthur-debert/dodot/pkg/testutil/assertions.go:72.82,75.36 2 2
github.com/arthur-debert/dodot/pkg/testutil/assertions.go:75.36,78.3 2 0
github.com/arthur-debert/dodot/pkg/testutil/assertions.go:82.85,85.35 2 2
github.com/arthur-debert/dodot/pkg/testutil/assertions.go:85.35,88.3 2 0
github.com/arthur-debert/dodot/pkg/testutil/assertions.go:92.91,95.34 2 2
github.com/arthur-debert/dodot/pkg/testutil/assertions.go:95.34,100.3 3 0
github.com/arthur-debert/dodot/pkg/testutil/assertions.go:103.2,110.32 7 2
github.com/arthur-debert/dodot/pkg/testutil/assertions.go:110.32,111.43 1 6
github.com/arthur-debert/dodot/pkg/testutil/assertions.go:111.43,116.4 3 0
github.com/arthur-debert/dodot/pkg/testutil/assertions.go:121.98,124.34 2 1
github.com/arthur-debert/dodot/pkg/testutil/assertions.go:124.34,128.3 3 0
github.com/arthur-debert/dodot/pkg/testutil/assertions.go:130.2,130.29 1 1
github.com/arthur-debert/dodot/pkg/testutil/assertions.go:130.29,132.14 2 2
github.com/arthur-debert/dodot/pkg/testutil/assertions.go:132.14,135.12 3 0
github.com/arthur-debert/dodot/pkg/testutil/assertions.go:137.3,137.19 1 2
github.com/arthur-debert/dodot/pkg/testutil/assertions.go:137.19,140.4 2 0
github.com/arthur-debert/dodot/pkg/testutil/assertions.go:144.2,144.24 1 1
github.com/arthur-debert/dodot/pkg/testutil/assertions.go:144.24,145.40 1 2
github.com/arthur-debert/dodot/pkg/testutil/assertions.go:145.40,148.4 2 0
github.com/arthur-debert/dodot/pkg/testutil/assertions.go:153.70,156.16 2 1
github.com/arthur-debert/dodot/pkg/testutil/assertions.go:156.16,159.3 2 0
github.com/arthur-debert/dodot/pkg/testutil/assertions.go:163.72,166.16 2 1
github.com/arthur-debert/dodot/pkg/testutil/assertions.go:166.16,169.3 2 0
github.com/arthur-debert/dodot/pkg/testutil/assertions.go:173.70,176.15 2 1
github.com/arthur-debert/dodot/pkg/testutil/assertions.go:176.15,177.31 1 1
github.com/arthur-debert/dodot/pkg/testutil/assertions.go:177.31,180.4 2 0
github.com/arthur-debert/dodot/pkg/testutil/assertions.go:183.2,183.6 1 1
github.com/arthur-debert/dodot/pkg/testutil/assertions.go:187.72,190.15 2 1
github.com/arthur-debert/dodot/pkg/testutil/assertions.go:190.15,191.31 1 1
github.com/arthur-debert/dodot/pkg/testutil/assertions.go:191.31,194.4 2 0
github.com/arthur-debert/dodot/pkg/testutil/assertions.go:197.2,197.6 1 1
github.com/arthur-debert/dodot/pkg/testutil/assertions.go:202.36,203.18 1 18
github.com/arthur-debert/dodot/pkg/testutil/assertions.go:203.18,205.3 1 2
github.com/arthur-debert/dodot/pkg/testutil/assertions.go:207.2,208.18 2 16
github.com/arthur-debert/dodot/pkg/testutil/assertions.go:209.94,210.19 1 10
github.com/arthur-debert/dodot/pkg/testutil/assertions.go:213.2,213.14 1 6
github.com/arthur-debert/dodot/pkg/testutil/assertions.go:216.54,217.26 1 4
github.com/arthur-debert/dodot/pkg/testutil/assertions.go:217.26,219.3 1 1
github.com/arthur-debert/dodot/pkg/testutil/assertions.go:221.2,221.26 1 3
github.com/arthur-debert/dodot/pkg/testutil/assertions.go:221.26,222.44 1 1
github.com/arthur-debert/dodot/pkg/testutil/assertions.go:222.44,224.4 1 1
github.com/arthur-debert/dodot/pkg/testutil/assertions.go:225.3,225.42 1 0
github.com/arthur-debert/dodot/pkg/testutil/assertions.go:229.2,229.69 1 2
github.com/arthur-debert/dodot/pkg/testutil/assertions.go:229.69,231.36 1 2
github.com/arthur-debert/dodot/pkg/testutil/assertions.go:231.36,233.4 1 1
github.com/arthur-debert/dodot/pkg/testutil/assertions.go:237.2,238.33 2 1
github.com/arthur-debert/dodot/pkg/testutil/assertions.go:238.33,240.3 1 2
github.com/arthur-debert/dodot/pkg/testutil/assertions.go:241.2,241.40 1 1
github.com/arthur-debert/dodot/pkg/testutil/assertions.go:245.76,247.17 2 0
github.com/arthur-debert/dodot/pkg/testutil/assertions.go:247.17,250.3 2 0
github.com/arthur-debert/dodot/pkg/testutil/assertions.go:254.77,256.26 2 0
github.com/arthur-debert/dodot/pkg/testutil/assertions.go:256.26,259.3 2 0
github.com/arthur-debert/dodot/pkg/testutil/assertions.go:263.76,265.25 2 0
github.com/arthur-debert/dodot/pkg/testutil/assertions.go:265.25,268.3 2 0
github.com/arthur-debert/dodot/pkg/testutil/fixtures.go:16.82,22.35 3 0
github.com/arthur-debert/dodot/pkg/testutil/fixtures.go:22.35,24.3 1 0
github.com/arthur-debert/dodot/pkg/testutil/fixtures.go:27.2,27.43 1 0
github.com/arthur-debert/dodot/pkg/testutil/fixtures.go:27.43,29.3 1 0
github.com/arthur-debert/dodot/pkg/testutil/fixtures.go:31.2,31.16 1 0
github.com/arthur-debert/dodot/pkg/testutil/fixtures.go:35.41,77.2 1 0
github.com/arthur-debert/dodot/pkg/testutil/fixtures.go:80.46,86.47 3 0
github.com/arthur-debert/dodot/pkg/testutil/fixtures.go:86.47,88.3 1 0
github.com/arthur-debert/dodot/pkg/testutil/fixtures.go:91.2,93.16 2 0
github.com/arthur-debert/dodot/pkg/testutil/fixtures.go:97.71,108.2 3 0
github.com/arthur-debert/dodot/pkg/testutil/fixtures.go:111.61,175.2 8 0
github.com/arthur-debert/dodot/pkg/testutil/mocks.go:18.37,19.23 1 0
github.com/arthur-debert/dodot/pkg/testutil/mocks.go:19.23,21.3 1 0
github.com/arthur-debert/dodot/pkg/testutil/mocks.go:22.2,22.23 1 0
github.com/arthur-debert/dodot/pkg/testutil/mocks.go:26.44,27.30 1 0
github.com/arthur-debert/dodot/pkg/testutil/mocks.go:27.30,29.3 1 0
github.com/arthur-debert/dodot/pkg/testutil/mocks.go:30.2,30.38 1 0
github.com/arthur-debert/dodot/pkg/testutil/mocks.go:34.38,35.27 1 0
github.com/arthur-debert/dodot/pkg/testutil/mocks.go:35.27,37.3 1 0
github.com/arthur-debert/dodot/pkg/testutil/mocks.go:38.2,38.10 1 0
github.com/arthur-debert/dodot/pkg/testutil/mocks.go:42.91,43.24 1 0
github.com/arthur-debert/dodot/pkg/testutil/mocks.go:43.24,45.3 1 0
github.com/arthur-debert/dodot/pkg/testutil/mocks.go:46.2,46.19 1 0
github.com/arthur-debert/dodot/pkg/testutil/mocks.go:59.37,60.23 1 0
github.com/arthur-debert/dodot/pkg/testutil/mocks.go:60.23,62.3 1 0
github.com/arthur-debert/dodot/pkg/testutil/mocks.go:63.2,63.23 1 0
github.com/arthur-debert/dodot/pkg/testutil/mocks.go:67.44,68.30 1 0
github.com/arthur-debert/dodot/pkg/testutil/mocks.go:68.30,70.3 1 0
github.com/arthur-debert/dodot/pkg/testutil/mocks.go:71.2,71.39 1 0
github.com/arthur-debert/dodot/pkg/testutil/mocks.go:75.47,76.26 1 0
github.com/arthur-debert/dodot/pkg/testutil/mocks.go:76.26,78.3 1 0
github.com/arthur-debert/dodot/pkg/testutil/mocks.go:79.2,79.26 1 0
github.com/arthur-debert/dodot/pkg/testutil/mocks.go:83.85,84.26 1 0
github.com/arthur-debert/dodot/pkg/testutil/mocks.go:84.26,86.3 1 0
github.com/arthur-debert/dodot/pkg/testutil/mocks.go:87.2,87.17 1 0
github.com/arthur-debert/dodot/pkg/testutil/mocks.go:91.77,92.34 1 0
github.com/arthur-debert/dodot/pkg/testutil/mocks.go:92.34,94.3 1 0
github.com/arthur-debert/dodot/pkg/testutil/mocks.go:95.2,95.12 1 0
github.com/arthur-debert/dodot/pkg/testutil/testutil.go:15.50,18.2 2 10
github.com/arthur-debert/dodot/pkg/testutil/testutil.go:22.65,28.62 3 9
github.com/arthur-debert/dodot/pkg/testutil/testutil.go:28.62,30.3 1 0
github.com/arthur-debert/dodot/pkg/testutil/testutil.go:32.2,32.66 1 9
github.com/arthur-debert/dodot/pkg/testutil/testutil.go:32.66,34.3 1 0
github.com/arthur-debert/dodot/pkg/testutil/testutil.go:36.2,36.13 1 9
github.com/arthur-debert/dodot/pkg/testutil/testutil.go:41.58,46.48 3 4
github.com/arthur-debert/dodot/pkg/testutil/testutil.go:46.48,48.3 1 0
github.com/arthur-debert/dodot/pkg/testutil/testutil.go:50.2,50.13 1 4
github.com/arthur-debert/dodot/pkg/testutil/testutil.go:55.55,59.62 2 3
github.com/arthur-debert/dodot/pkg/testutil/testutil.go:59.62,61.3 1 0
github.com/arthur-debert/dodot/pkg/testutil/testutil.go:63.2,63.49 1 3
github.com/arthur-debert/dodot/pkg/testutil/testutil.go:63.49,65.3 1 0
github.com/arthur-debert/dodot/pkg/testutil/testutil.go:69.49,73.16 3 6
github.com/arthur-debert/dodot/pkg/testutil/testutil.go:73.16,75.3 1 1
github.com/arthur-debert/dodot/pkg/testutil/testutil.go:77.2,77.22 1 5
github.com/arthur-debert/dodot/pkg/testutil/testutil.go:81.48,85.16 3 5
github.com/arthur-debert/dodot/pkg/testutil/testutil.go:85.16,87.3 1 1
github.com/arthur-debert/dodot/pkg/testutil/testutil.go:89.2,89.21 1 4
github.com/arthur-debert/dodot/pkg/testutil/testutil.go:93.52,97.16 3 2
github.com/arthur-debert/dodot/pkg/testutil/testutil.go:97.16,99.3 1 0
github.com/arthur-debert/dodot/pkg/testutil/testutil.go:101.2,101.40 1 2
github.com/arthur-debert/dodot/pkg/testutil/testutil.go:106.49,110.16 3 3
github.com/arthur-debert/dodot/pkg/testutil/testutil.go:110.16,112.3 1 0
github.com/arthur-debert/dodot/pkg/testutil/testutil.go:114.2,114.24 1 3
github.com/arthur-debert/dodot/pkg/testutil/testutil.go:119.52,123.16 3 3
github.com/arthur-debert/dodot/pkg/testutil/testutil.go:123.16,125.3 1 0
github.com/arthur-debert/dodot/pkg/testutil/testutil.go:127.2,127.15 1 3
github.com/arthur-debert/dodot/pkg/testutil/testutil.go:131.61,134.26 2 1
github.com/arthur-debert/dodot/pkg/testutil/testutil.go:134.26,136.3 1 0
github.com/arthur-debert/dodot/pkg/testutil/testutil.go:138.2,139.24 2 1
github.com/arthur-debert/dodot/pkg/testutil/testutil.go:139.24,141.3 1 0
github.com/arthur-debert/dodot/pkg/testutil/testutil.go:145.63,148.29 2 1
github.com/arthur-debert/dodot/pkg/testutil/testutil.go:148.29,150.3 1 0
github.com/arthur-debert/dodot/pkg/testutil/testutil.go:152.2,153.36 2 1
github.com/arthur-debert/dodot/pkg/testutil/testutil.go:153.36,155.3 1 0
github.com/arthur-debert/dodot/pkg/testutil/testutil.go:159.46,162.50 2 1
github.com/arthur-debert/dodot/pkg/testutil/testutil.go:162.50,164.3 1 0
github.com/arthur-debert/dodot/pkg/testutil/testutil.go:169.57,172.45 2 0
github.com/arthur-debert/dodot/pkg/testutil/testutil.go:172.45,174.3 1 0
github.com/arthur-debert/dodot/pkg/testutil/testutil.go:178.32,181.23 2 0
github.com/arthur-debert/dodot/pkg/testutil/testutil.go:181.23,183.3 1 0
github.com/arthur-debert/dodot/pkg/testutil/testutil.go:187.34,190.30 2 0
github.com/arthur-debert/dodot/pkg/testutil/testutil.go:190.30,192.3 1 0
github.com/arthur-debert/dodot/pkg/testutil/testutil.go:196.46,201.46 3 0
github.com/arthur-debert/dodot/pkg/testutil/testutil.go:201.46,203.3 1 0
github.com/arthur-debert/dodot/pkg/testutil/testutil.go:205.2,205.19 1 0
github.com/arthur-debert/dodot/pkg/testutil/testutil.go:205.19,206.13 1 0
github.com/arthur-debert/dodot/pkg/testutil/testutil.go:206.13,207.51 1 0
github.com/arthur-debert/dodot/pkg/testutil/testutil.go:207.51,209.5 1 0
github.com/arthur-debert/dodot/pkg/testutil/testutil.go:210.9,211.43 1 0
github.com/arthur-debert/dodot/pkg/testutil/testutil.go:211.43,213.5 1 0
github.com/arthur-debert/dodot/pkg/testutil/testutil.go:219.61,221.16 2 0
github.com/arthur-debert/dodot/pkg/testutil/testutil.go:221.16,223.3 1 0
github.com/arthur-debert/dodot/pkg/testutil/testutil.go:224.2,224.15 1 0
github.com/arthur-debert/dodot/pkg/testutil/testutil.go:224.15,226.3 1 0
github.com/arthur-debert/dodot/pkg/testutil/testutil.go:228.2,229.47 2 0
github.com/arthur-debert/dodot/pkg/testutil/testutil.go:229.47,231.3 1 0
github.com/arthur-debert/dodot/pkg/testutil/testutil.go:233.2,233.46 1 0
github.com/arthur-debert/dodot/pkg/registry/global.go:17.13,22.2 4 1
github.com/arthur-debert/dodot/pkg/registry/global.go:26.39,28.26 2 7
github.com/arthur-debert/dodot/pkg/registry/global.go:29.21,30.44 1 0
github.com/arthur-debert/dodot/pkg/registry/global.go:31.21,32.44 1 0
github.com/arthur-debert/dodot/pkg/registry/global.go:33.28,34.51 1 2
github.com/arthur-debert/dodot/pkg/registry/global.go:35.28,36.51 1 2
github.com/arthur-debert/dodot/pkg/registry/global.go:37.10,41.18 1 3
github.com/arthur-debert/dodot/pkg/registry/global.go:46.78,48.2 1 1
github.com/arthur-debert/dodot/pkg/registry/global.go:51.67,53.16 2 2
github.com/arthur-debert/dodot/pkg/registry/global.go:53.16,55.3 1 1
github.com/arthur-debert/dodot/pkg/registry/global.go:56.2,56.21 1 1
github.com/arthur-debert/dodot/pkg/registry/global.go:60.78,62.2 1 1
github.com/arthur-debert/dodot/pkg/registry/global.go:65.67,67.16 2 2
github.com/arthur-debert/dodot/pkg/registry/global.go:67.16,69.3 1 1
github.com/arthur-debert/dodot/pkg/registry/global.go:70.2,70.21 1 1
github.com/arthur-debert/dodot/pkg/registry/registry.go:42.31,46.2 1 21
github.com/arthur-debert/dodot/pkg/registry/registry.go:49.59,50.16 1 1028
github.com/arthur-debert/dodot/pkg/registry/registry.go:50.16,52.3 1 1
github.com/arthur-debert/dodot/pkg/registry/registry.go:54.2,57.40 3 1027
github.com/arthur-debert/dodot/pkg/registry/registry.go:57.40,59.3 1 2
github.com/arthur-debert/dodot/pkg/registry/registry.go:61.2,62.12 2 1025
github.com/arthur-debert/dodot/pkg/registry/registry.go:66.51,71.13 4 1011
github.com/arthur-debert/dodot/pkg/registry/registry.go:71.13,74.3 2 4
github.com/arthur-debert/dodot/pkg/registry/registry.go:76.2,76.18 1 1007
github.com/arthur-debert/dodot/pkg/registry/registry.go:80.49,84.41 3 4
github.com/arthur-debert/dodot/pkg/registry/registry.go:84.41,86.3 1 1
github.com/arthur-debert/dodot/pkg/registry/registry.go:88.2,89.12 2 3
github.com/arthur-debert/dodot/pkg/registry/registry.go:93.39,98.28 4 3
github.com/arthur-debert/dodot/pkg/registry/registry.go:98.28,100.3 1 5
github.com/arthur-debert/dodot/pkg/registry/registry.go:102.2,103.14 2 3
github.com/arthur-debert/dodot/pkg/registry/registry.go:107.45,113.2 4 5
github.com/arthur-debert/dodot/pkg/registry/registry.go:116.31,121.2 3 1
github.com/arthur-debert/dodot/pkg/registry/registry.go:124.35,129.2 3 9
github.com/arthur-debert/dodot/pkg/registry/registry.go:133.64,134.49 1 2
github.com/arthur-debert/dodot/pkg/registry/registry.go:134.49,135.61 1 1
github.com/arthur-debert/dodot/pkg/registry/registry.go:141.53,143.16 2 2
github.com/arthur-debert/dodot/pkg/registry/registry.go:143.16,144.56 1 1
github.com/arthur-debert/dodot/pkg/registry/registry.go:146.2,146.13 1 1
github.com/arthur-debert/dodot/pkg/powerups/bin.go:26.34,30.2 1 7
github.com/arthur-debert/dodot/pkg/powerups/bin.go:33.36,35.2 1 6
github.com/arthur-debert/dodot/pkg/powerups/bin.go:38.43,40.2 1 1
github.com/arthur-debert/dodot/pkg/powerups/bin.go:43.46,45.2 1 1
github.com/arthur-debert/dodot/pkg/powerups/bin.go:48.84,54.58 4 5
github.com/arthur-debert/dodot/pkg/powerups/bin.go:54.58,55.69 1 1
github.com/arthur-debert/dodot/pkg/powerups/bin.go:55.69,57.4 1 1
github.com/arthur-debert/dodot/pkg/powerups/bin.go:61.2,63.32 2 5
github.com/arthur-debert/dodot/pkg/powerups/bin.go:63.32,69.62 3 6
github.com/arthur-debert/dodot/pkg/powerups/bin.go:69.62,77.4 2 1
github.com/arthur-debert/dodot/pkg/powerups/bin.go:79.3,102.39 4 5
github.com/arthur-debert/dodot/pkg/powerups/bin.go:105.2,110.21 2 4
github.com/arthur-debert/dodot/pkg/powerups/bin.go:114.76,115.20 1 5
github.com/arthur-debert/dodot/pkg/powerups/bin.go:115.20,117.3 1 1
github.com/arthur-debert/dodot/pkg/powerups/bin.go:120.2,120.49 1 4
github.com/arthur-debert/dodot/pkg/powerups/bin.go:120.49,121.36 1 2
github.com/arthur-debert/dodot/pkg/powerups/bin.go:121.36,123.4 1 1
github.com/arthur-debert/dodot/pkg/powerups/bin.go:127.2,127.27 1 3
github.com/arthur-debert/dodot/pkg/powerups/bin.go:127.27,128.22 1 2
github.com/arthur-debert/dodot/pkg/powerups/bin.go:128.22,130.4 1 1
github.com/arthur-debert/dodot/pkg/powerups/bin.go:133.2,133.12 1 2
github.com/arthur-debert/dodot/pkg/powerups/bin.go:136.13,138.116 1 1
github.com/arthur-debert/dodot/pkg/powerups/bin.go:138.116,140.3 1 0
github.com/arthur-debert/dodot/pkg/powerups/bin.go:141.2,141.16 1 1
github.com/arthur-debert/dodot/pkg/powerups/bin.go:141.16,142.80 1 0
github.com/arthur-debert/dodot/pkg/powerups/brewfile.go:22.41,24.2 1 5
github.com/arthur-debert/dodot/pkg/powerups/brewfile.go:27.41,29.2 1 4
github.com/arthur-debert/dodot/pkg/powerups/brewfile.go:32.48,34.2 1 1
github.com/arthur-debert/dodot/pkg/powerups/brewfile.go:37.51,39.2 1 1
github.com/arthur-debert/dodot/pkg/powerups/brewfile.go:42.89,46.32 3 3
github.com/arthur-debert/dodot/pkg/powerups/brewfile.go:46.32,54.17 3 4
github.com/arthur-debert/dodot/pkg/powerups/brewfile.go:54.17,59.4 2 1
github.com/arthur-debert/dodot/pkg/powerups/brewfile.go:61.3,75.36 2 3
github.com/arthur-debert/dodot/pkg/powerups/brewfile.go:78.2,78.21 1 2
github.com/arthur-debert/dodot/pkg/powerups/brewfile.go:82.81,85.2 1 3
github.com/arthur-debert/dodot/pkg/powerups/brewfile.go:88.50,90.2 1 1
github.com/arthur-debert/dodot/pkg/powerups/brewfile.go:92.13,95.2 1 1
github.com/arthur-debert/dodot/pkg/powerups/brewfile.go:98.39,99.121 1 1
github.com/arthur-debert/dodot/pkg/powerups/brewfile.go:99.121,101.3 1 0
github.com/arthur-debert/dodot/pkg/powerups/brewfile.go:102.2,102.16 1 1
github.com/arthur-debert/dodot/pkg/powerups/brewfile.go:102.16,103.85 1 0
github.com/arthur-debert/dodot/pkg/powerups/install.go:22.46,24.2 1 5
github.com/arthur-debert/dodot/pkg/powerups/install.go:27.46,29.2 1 4
github.com/arthur-debert/dodot/pkg/powerups/install.go:32.53,34.2 1 1
github.com/arthur-debert/dodot/pkg/powerups/install.go:37.56,39.2 1 1
github.com/arthur-debert/dodot/pkg/powerups/install.go:42.94,46.32 3 3
github.com/arthur-debert/dodot/pkg/powerups/install.go:46.32,54.17 3 4
github.com/arthur-debert/dodot/pkg/powerups/install.go:54.17,59.4 2 1
github.com/arthur-debert/dodot/pkg/powerups/install.go:61.3,77.36 2 3
github.com/arthur-debert/dodot/pkg/powerups/install.go:80.2,80.21 1 2
github.com/arthur-debert/dodot/pkg/powerups/install.go:84.86,87.2 1 3
github.com/arthur-debert/dodot/pkg/powerups/install.go:90.49,92.2 1 1
github.com/arthur-debert/dodot/pkg/powerups/install.go:94.13,97.2 1 1
github.com/arthur-debert/dodot/pkg/powerups/install.go:100.44,101.126 1 1
github.com/arthur-debert/dodot/pkg/powerups/install.go:101.126,103.3 1 0
github.com/arthur-debert/dodot/pkg/powerups/install.go:104.2,104.16 1 1
github.com/arthur-debert/dodot/pkg/powerups/install.go:104.16,105.90 1 0
github.com/arthur-debert/dodot/pkg/powerups/shell_add_path.go:19.45,21.2 1 1
github.com/arthur-debert/dodot/pkg/powerups/shell_add_path.go:23.45,25.2 1 2
github.com/arthur-debert/dodot/pkg/powerups/shell_add_path.go:27.52,29.2 1 0
github.com/arthur-debert/dodot/pkg/powerups/shell_add_path.go:31.55,33.2 1 1
github.com/arthur-debert/dodot/pkg/powerups/shell_add_path.go:35.93,39.32 3 1
github.com/arthur-debert/dodot/pkg/powerups/shell_add_path.go:39.32,54.3 3 1
github.com/arthur-debert/dodot/pkg/powerups/shell_add_path.go:56.2,56.21 1 1
github.com/arthur-debert/dodot/pkg/powerups/shell_add_path.go:59.85,61.2 1 0
github.com/arthur-debert/dodot/pkg/powerups/shell_add_path.go:63.13,64.125 1 1
github.com/arthur-debert/dodot/pkg/powerups/shell_add_path.go:64.125,66.3 1 0
github.com/arthur-debert/dodot/pkg/powerups/shell_add_path.go:67.2,67.16 1 1
github.com/arthur-debert/dodot/pkg/powerups/shell_add_path.go:67.16,68.89 1 0
github.com/arthur-debert/dodot/pkg/powerups/shell_profile.go:19.45,21.2 1 1
github.com/arthur-debert/dodot/pkg/powerups/shell_profile.go:23.45,25.2 1 2
github.com/arthur-debert/dodot/pkg/powerups/shell_profile.go:27.52,29.2 1 0
github.com/arthur-debert/dodot/pkg/powerups/shell_profile.go:31.55,33.2 1 1
github.com/arthur-debert/dodot/pkg/powerups/shell_profile.go:35.93,39.32 3 1
github.com/arthur-debert/dodot/pkg/powerups/shell_profile.go:39.32,54.3 3 1
github.com/arthur-debert/dodot/pkg/powerups/shell_profile.go:56.2,56.21 1 1
github.com/arthur-debert/dodot/pkg/powerups/shell_profile.go:59.85,61.2 1 0
github.com/arthur-debert/dodot/pkg/powerups/shell_profile.go:63.13,64.125 1 1
github.com/arthur-debert/dodot/pkg/powerups/shell_profile.go:64.125,66.3 1 0
github.com/arthur-debert/dodot/pkg/powerups/shell_profile.go:67.2,67.16 1 1
github.com/arthur-debert/dodot/pkg/powerups/shell_profile.go:67.16,68.89 1 0
github.com/arthur-debert/dodot/pkg/powerups/symlink.go:25.42,30.16 3 9
github.com/arthur-debert/dodot/pkg/powerups/symlink.go:30.16,33.3 2 0
github.com/arthur-debert/dodot/pkg/powerups/symlink.go:35.2,37.3 1 9
github.com/arthur-debert/dodot/pkg/powerups/symlink.go:41.40,43.2 1 8
github.com/arthur-debert/dodot/pkg/powerups/symlink.go:46.47,48.2 1 1
github.com/arthur-debert/dodot/pkg/powerups/symlink.go:51.50,53.2 1 1
github.com/arthur-debert/dodot/pkg/powerups/symlink.go:56.88,62.58 4 6
github.com/arthur-debert/dodot/pkg/powerups/symlink.go:62.58,63.69 1 2
github.com/arthur-debert/dodot/pkg/powerups/symlink.go:63.69,65.4 1 2
github.com/arthur-debert/dodot/pkg/powerups/symlink.go:69.2,71.32 2 6
github.com/arthur-debert/dodot/pkg/powerups/symlink.go:71.32,77.62 3 7
github.com/arthur-debert/dodot/pkg/powerups/symlink.go:77.62,85.4 2 1
github.com/arthur-debert/dodot/pkg/powerups/symlink.go:87.3,109.35 4 6
github.com/arthur-debert/dodot/pkg/powerups/symlink.go:112.2,117.21 2 5
github.com/arthur-debert/dodot/pkg/powerups/symlink.go:121.80,122.20 1 6
github.com/arthur-debert/dodot/pkg/powerups/symlink.go:122.20,124.3 1 1
github.com/arthur-debert/dodot/pkg/powerups/symlink.go:127.2,127.49 1 5
github.com/arthur-debert/dodot/pkg/powerups/symlink.go:127.49,128.36 1 3
github.com/arthur-debert/dodot/pkg/powerups/symlink.go:128.36,130.4 1 1
github.com/arthur-debert/dodot/pkg/powerups/symlink.go:134.2,134.27 1 4
github.com/arthur-debert/dodot/pkg/powerups/symlink.go:134.27,135.22 1 3
github.com/arthur-debert/dodot/pkg/powerups/symlink.go:135.22,137.4 1 2
github.com/arthur-debert/dodot/pkg/powerups/symlink.go:140.2,140.12 1 2
github.com/arthur-debert/dodot/pkg/powerups/symlink.go:143.13,145.120 1 1
github.com/arthur-debert/dodot/pkg/powerups/symlink.go:145.120,147.3 1 1
github.com/arthur-debert/dodot/pkg/powerups/symlink.go:148.2,148.16 1 1
github.com/arthur-debert/dodot/pkg/powerups/symlink.go:148.16,149.75 1 0
github.com/arthur-debert/dodot/pkg/powerups/template.go:29.44,46.2 7 8
github.com/arthur-debert/dodot/pkg/powerups/template.go:49.41,51.2 1 7
github.com/arthur-debert/dodot/pkg/powerups/template.go:54.48,56.2 1 1
github.com/arthur-debert/dodot/pkg/powerups/template.go:59.51,61.2 1 1
github.com/arthur-debert/dodot/pkg/powerups/template.go:64.89,70.58 4 6
github.com/arthur-debert/dodot/pkg/powerups/template.go:70.58,71.69 1 2
github.com/arthur-debert/dodot/pkg/powerups/template.go:71.69,73.4 1 1
github.com/arthur-debert/dodot/pkg/powerups/template.go:77.2,78.32 2 6
github.com/arthur-debert/dodot/pkg/powerups/template.go:78.32,80.3 1 24
github.com/arthur-debert/dodot/pkg/powerups/template.go:81.2,81.58 1 6
github.com/arthur-debert/dodot/pkg/powerups/template.go:81.58,82.86 1 2
github.com/arthur-debert/dodot/pkg/powerups/template.go:82.86,83.27 1 1
github.com/arthur-debert/dodot/pkg/powerups/template.go:83.27,84.37 1 2
github.com/arthur-debert/dodot/pkg/powerups/template.go:84.37,86.6 1 2
github.com/arthur-debert/dodot/pkg/powerups/template.go:91.2,91.32 1 6
github.com/arthur-debert/dodot/pkg/powerups/template.go:91.32,121.3 6 6
github.com/arthur-debert/dodot/pkg/powerups/template.go:123.2,128.21 2 6
github.com/arthur-debert/dodot/pkg/powerups/template.go:132.81,133.20 1 8
github.com/arthur-debert/dodot/pkg/powerups/template.go:133.20,135.3 1 1
github.com/arthur-debert/dodot/pkg/powerups/template.go:138.2,138.49 1 7
github.com/arthur-debert/dodot/pkg/powerups/template.go:138.49,139.36 1 2
github.com/arthur-debert/dodot/pkg/powerups/template.go:139.36,141.4 1 1
github.com/arthur-debert/dodot/pkg/powerups/template.go:145.2,145.55 1 6
github.com/arthur-debert/dodot/pkg/powerups/template.go:145.55,146.60 1 3
github.com/arthur-debert/dodot/pkg/powerups/template.go:146.60,148.30 1 2
github.com/arthur-debert/dodot/pkg/powerups/template.go:148.30,149.33 1 3
github.com/arthur-debert/dodot/pkg/powerups/template.go:149.33,151.6 1 1
github.com/arthur-debert/dodot/pkg/powerups/template.go:153.9,155.4 1 1
github.com/arthur-debert/dodot/pkg/powerups/template.go:159.2,159.27 1 4
github.com/arthur-debert/dodot/pkg/powerups/template.go:159.27,160.44 1 3
github.com/arthur-debert/dodot/pkg/powerups/template.go:160.44,162.4 1 1
github.com/arthur-debert/dodot/pkg/powerups/template.go:165.2,165.12 1 3
github.com/arthur-debert/dodot/pkg/powerups/template.go:168.13,170.121 1 1
github.com/arthur-debert/dodot/pkg/powerups/template.go:170.121,172.3 1 0
github.com/arthur-debert/dodot/pkg/powerups/template.go:173.2,173.16 1 1
github.com/arthur-debert/dodot/pkg/powerups/template.go:173.16,174.85 1 0
github.com/arthur-debert/dodot/pkg/triggers/directory.go:22.85,27.26 3 12
github.com/arthur-debert/dodot/pkg/triggers/directory.go:27.26,29.3 1 3
github.com/arthur-debert/dodot/pkg/triggers/directory.go:31.2,37.8 2 9
github.com/arthur-debert/dodot/pkg/triggers/directory.go:41.42,43.2 1 2
github.com/arthur-debert/dodot/pkg/triggers/directory.go:46.49,48.2 1 1
github.com/arthur-debert/dodot/pkg/triggers/directory.go:51.96,55.19 2 6
github.com/arthur-debert/dodot/pkg/triggers/directory.go:55.19,57.3 1 1
github.com/arthur-debert/dodot/pkg/triggers/directory.go:60.2,64.16 3 5
github.com/arthur-debert/dodot/pkg/triggers/directory.go:64.16,71.3 2 0
github.com/arthur-debert/dodot/pkg/triggers/directory.go:73.2,73.13 1 5
github.com/arthur-debert/dodot/pkg/triggers/directory.go:73.13,84.3 3 4
github.com/arthur-debert/dodot/pkg/triggers/directory.go:86.2,86.19 1 1
github.com/arthur-debert/dodot/pkg/triggers/directory.go:90.43,92.2 1 2
github.com/arthur-debert/dodot/pkg/triggers/directory.go:95.82,96.20 1 5
github.com/arthur-debert/dodot/pkg/triggers/directory.go:96.20,98.3 1 1
github.com/arthur-debert/dodot/pkg/triggers/directory.go:100.2,101.9 2 4
github.com/arthur-debert/dodot/pkg/triggers/directory.go:101.9,103.3 1 1
github.com/arthur-debert/dodot/pkg/triggers/directory.go:105.2,105.36 1 3
github.com/arthur-debert/dodot/pkg/triggers/directory.go:105.36,107.3 1 1
github.com/arthur-debert/dodot/pkg/triggers/directory.go:110.2,110.27 1 2
github.com/arthur-debert/dodot/pkg/triggers/directory.go:110.27,111.23 1 3
github.com/arthur-debert/dodot/pkg/triggers/directory.go:111.23,113.4 1 1
github.com/arthur-debert/dodot/pkg/triggers/directory.go:116.2,116.12 1 1
github.com/arthur-debert/dodot/pkg/triggers/directory.go:119.13,121.123 1 1
github.com/arthur-debert/dodot/pkg/triggers/directory.go:121.123,123.3 1 0
github.com/arthur-debert/dodot/pkg/triggers/directory.go:124.2,124.16 1 1
github.com/arthur-debert/dodot/pkg/triggers/directory.go:124.16,125.70 1 0
github.com/arthur-debert/dodot/pkg/triggers/extension.go:23.85,28.28 3 15
github.com/arthur-debert/dodot/pkg/triggers/extension.go:28.28,30.3 1 4
github.com/arthur-debert/dodot/pkg/triggers/extension.go:33.2,33.40 1 11
github.com/arthur-debert/dodot/pkg/triggers/extension.go:33.40,35.3 1 1
github.com/arthur-debert/dodot/pkg/triggers/extension.go:37.2,43.8 2 11
github.com/arthur-debert/dodot/pkg/triggers/extension.go:47.42,49.2 1 3
github.com/arthur-debert/dodot/pkg/triggers/extension.go:52.49,54.2 1 1
github.com/arthur-debert/dodot/pkg/triggers/extension.go:57.96,59.18 1 7
github.com/arthur-debert/dodot/pkg/triggers/extension.go:59.18,61.3 1 1
github.com/arthur-debert/dodot/pkg/triggers/extension.go:64.2,67.41 2 6
github.com/arthur-debert/dodot/pkg/triggers/extension.go:67.41,79.3 4 4
github.com/arthur-debert/dodot/pkg/triggers/extension.go:81.2,81.19 1 2
github.com/arthur-debert/dodot/pkg/triggers/extension.go:85.43,87.2 1 3
github.com/arthur-debert/dodot/pkg/triggers/extension.go:90.82,91.20 1 5
github.com/arthur-debert/dodot/pkg/triggers/extension.go:91.20,93.3 1 1
github.com/arthur-debert/dodot/pkg/triggers/extension.go:95.2,96.9 2 4
github.com/arthur-debert/dodot/pkg/triggers/extension.go:96.9,98.3 1 1
github.com/arthur-debert/dodot/pkg/triggers/extension.go:100.2,100.38 1 3
github.com/arthur-debert/dodot/pkg/triggers/extension.go:100.38,102.3 1 1
github.com/arthur-debert/dodot/pkg/triggers/extension.go:105.2,105.27 1 2
github.com/arthur-debert/dodot/pkg/triggers/extension.go:105.27,106.25 1 3
github.com/arthur-debert/dodot/pkg/triggers/extension.go:106.25,108.4 1 1
github.com/arthur-debert/dodot/pkg/triggers/extension.go:111.2,111.12 1 1
github.com/arthur-debert/dodot/pkg/triggers/extension.go:114.13,116.123 1 1
github.com/arthur-debert/dodot/pkg/triggers/extension.go:116.123,118.3 1 0
github.com/arthur-debert/dodot/pkg/triggers/extension.go:119.2,119.16 1 1
github.com/arthur-debert/dodot/pkg/triggers/extension.go:119.16,120.70 1 0
github.com/arthur-debert/dodot/pkg/triggers/filename.go:26.58,33.2 2 18
github.com/arthur-debert/dodot/pkg/triggers/filename.go:36.41,38.2 1 11
github.com/arthur-debert/dodot/pkg/triggers/filename.go:41.48,42.14 1 4
github.com/arthur-debert/dodot/pkg/triggers/filename.go:42.14,44.3 1 3
github.com/arthur-debert/dodot/pkg/triggers/filename.go:45.2,45.52 1 1
github.com/arthur-debert/dodot/pkg/triggers/filename.go:49.95,53.18 2 14
github.com/arthur-debert/dodot/pkg/triggers/filename.go:53.18,55.3 1 1
github.com/arthur-debert/dodot/pkg/triggers/filename.go:57.2,61.14 4 13
github.com/arthur-debert/dodot/pkg/triggers/filename.go:61.14,63.17 2 8
github.com/arthur-debert/dodot/pkg/triggers/filename.go:63.17,70.4 2 1
github.com/arthur-debert/dodot/pkg/triggers/filename.go:71.8,73.3 1 5
github.com/arthur-debert/dodot/pkg/triggers/filename.go:75.2,75.13 1 12
github.com/arthur-debert/dodot/pkg/triggers/filename.go:75.13,89.3 3 7
github.com/arthur-debert/dodot/pkg/triggers/filename.go:91.2,91.19 1 5
github.com/arthur-debert/dodot/pkg/triggers/filename.go:95.42,97.2 1 2
github.com/arthur-debert/dodot/pkg/triggers/filename.go:100.45,101.31 1 25
github.com/arthur-debert/dodot/pkg/triggers/filename.go:101.31,102.15 1 122
github.com/arthur-debert/dodot/pkg/triggers/filename.go:103.37,104.15 1 15
github.com/arthur-debert/dodot/pkg/triggers/filename.go:107.2,107.14 1 10
github.com/arthur-debert/dodot/pkg/triggers/filename.go:110.13,112.121 1 1
github.com/arthur-debert/dodot/pkg/triggers/filename.go:112.121,114.10 2 2
github.com/arthur-debert/dodot/pkg/triggers/filename.go:114.10,116.4 1 1
github.com/arthur-debert/dodot/pkg/triggers/filename.go:117.3,117.42 1 2
github.com/arthur-debert/dodot/pkg/triggers/filename.go:119.2,119.16 1 1
github.com/arthur-debert/dodot/pkg/triggers/filename.go:119.16,120.76 1 0
github.com/arthur-debert/dodot/pkg/triggers/path_pattern.go:22.89,27.26 3 16
github.com/arthur-debert/dodot/pkg/triggers/path_pattern.go:27.26,29.3 1 4
github.com/arthur-debert/dodot/pkg/triggers/path_pattern.go:31.2,37.8 2 12
github.com/arthur-debert/dodot/pkg/triggers/path_pattern.go:41.44,43.2 1 3
github.com/arthur-debert/dodot/pkg/triggers/path_pattern.go:46.51,48.2 1 1
github.com/arthur-debert/dodot/pkg/triggers/path_pattern.go:51.98,54.16 2 8
github.com/arthur-debert/dodot/pkg/triggers/path_pattern.go:54.16,62.3 3 0
github.com/arthur-debert/dodot/pkg/triggers/path_pattern.go:64.2,64.13 1 8
github.com/arthur-debert/dodot/pkg/triggers/path_pattern.go:64.13,78.3 4 7
github.com/arthur-debert/dodot/pkg/triggers/path_pattern.go:80.2,80.19 1 1
github.com/arthur-debert/dodot/pkg/triggers/path_pattern.go:84.45,86.2 1 3
github.com/arthur-debert/dodot/pkg/triggers/path_pattern.go:89.84,90.20 1 5
github.com/arthur-debert/dodot/pkg/triggers/path_pattern.go:90.20,92.3 1 1
github.com/arthur-debert/dodot/pkg/triggers/path_pattern.go:94.2,95.9 2 4
github.com/arthur-debert/dodot/pkg/triggers/path_pattern.go:95.9,97.3 1 1
github.com/arthur-debert/dodot/pkg/triggers/path_pattern.go:99.2,99.36 1 3
github.com/arthur-debert/dodot/pkg/triggers/path_pattern.go:99.36,101.3 1 1
github.com/arthur-debert/dodot/pkg/triggers/path_pattern.go:104.2,104.27 1 2
github.com/arthur-debert/dodot/pkg/triggers/path_pattern.go:104.27,105.23 1 2
github.com/arthur-debert/dodot/pkg/triggers/path_pattern.go:105.23,107.4 1 1
github.com/arthur-debert/dodot/pkg/triggers/path_pattern.go:110.2,110.12 1 1
github.com/arthur-debert/dodot/pkg/triggers/path_pattern.go:113.13,115.125 1 1
github.com/arthur-debert/dodot/pkg/triggers/path_pattern.go:115.125,117.3 1 0
github.com/arthur-debert/dodot/pkg/triggers/path_pattern.go:118.2,118.16 1 1
github.com/arthur-debert/dodot/pkg/triggers/path_pattern.go:118.16,119.73 1 0
github.com/arthur-debert/dodot/pkg/types/pack.go:29.59,30.20 1 2
github.com/arthur-debert/dodot/pkg/types/pack.go:30.20,32.3 1 0
github.com/arthur-debert/dodot/pkg/types/pack.go:35.2,35.49 1 2
github.com/arthur-debert/dodot/pkg/types/pack.go:35.49,37.3 1 1
github.com/arthur-debert/dodot/pkg/types/pack.go:40.2,40.39 1 1
github.com/arthur-debert/dodot/pkg/types/pack.go:40.39,41.63 1 2
github.com/arthur-debert/dodot/pkg/types/pack.go:41.63,43.4 1 1
github.com/arthur-debert/dodot/pkg/types/pack.go:46.2,46.11 1 0
github.com/arthur-debert/dodot/pkg/types/paths.go:10.31,11.59 1 34
github.com/arthur-debert/dodot/pkg/types/paths.go:11.59,13.3 1 19
github.com/arthur-debert/dodot/pkg/types/paths.go:15.2,15.66 1 15
github.com/arthur-debert/dodot/pkg/types/paths.go:15.66,17.3 1 1
github.com/arthur-debert/dodot/pkg/types/paths.go:19.2,20.59 2 14
github.com/arthur-debert/dodot/pkg/types/paths.go:24.30,26.2 1 16
github.com/arthur-debert/dodot/pkg/types/paths.go:29.34,31.2 1 3
github.com/arthur-debert/dodot/pkg/types/paths.go:34.26,36.2 1 3
github.com/arthur-debert/dodot/pkg/types/paths.go:39.33,41.2 1 3
github.com/arthur-debert/dodot/pkg/types/paths.go:44.29,46.2 1 3
github.com/arthur-debert/dodot/pkg/types/paths.go:49.27,51.2 1 6
github.com/arthur-debert/dodot/pkg/types/paths.go:54.33,56.2 1 3
github.com/arthur-debert/dodot/pkg/types/paths.go:59.29,61.2 1 3
github.com/arthur-debert/dodot/pkg/types/paths.go:64.30,66.2 1 3
github.com/arthur-debert/dodot/pkg/types/shell.go:18.76,19.15 1 14
github.com/arthur-debert/dodot/pkg/types/shell.go:20.14,21.26 1 4
github.com/arthur-debert/dodot/pkg/types/shell.go:21.26,25.4 1 2
github.com/arthur-debert/dodot/pkg/types/shell.go:26.3,26.32 1 2
github.com/arthur-debert/dodot/pkg/types/shell.go:27.10,28.26 1 10
github.com/arthur-debert/dodot/pkg/types/shell.go:28.26,30.4 1 5
github.com/arthur-debert/dodot/pkg/types/shell.go:31.3,31.33 1 5
github.com/arthur-debert/dodot/pkg/utils/home.go:13.41,16.33 2 7
github.com/arthur-debert/dodot/pkg/utils/home.go:16.33,18.3 1 4
github.com/arthur-debert/dodot/pkg/utils/home.go:21.2,22.19 2 3
github.com/arthur-debert/dodot/pkg/utils/home.go:22.19,24.3 1 0
github.com/arthur-debert/dodot/pkg/utils/home.go:27.2,27.153 1 3
github.com/arthur-debert/dodot/pkg/utils/home.go:32.60,34.16 2 2
github.com/arthur-debert/dodot/pkg/utils/home.go:34.16,36.3 1 1
github.com/arthur-debert/dodot/pkg/utils/home.go:37.2,37.16 1 1
github.com/arthur-debert/dodot/pkg/utils/home.go:42.46,43.17 1 7
github.com/arthur-debert/dodot/pkg/utils/home.go:43.17,45.3 1 1
github.com/arthur-debert/dodot/pkg/utils/home.go:47.2,47.55 1 6
github.com/arthur-debert/dodot/pkg/utils/home.go:47.55,49.17 2 2
github.com/arthur-debert/dodot/pkg/utils/home.go:49.17,51.4 1 1
github.com/arthur-debert/dodot/pkg/utils/home.go:52.3,52.33 1 1
github.com/arthur-debert/dodot/pkg/utils/home.go:55.2,55.18 1 4
